[33m[nodemon] 1.11.0[39m
[33m[nodemon] to restart at any time, enter `rs`[39m
[33m[nodemon] watching: *.*[39m
[32m[nodemon] starting `node server_.js`[39m
whichJsEvents: 1
whichJsEvents: 2
whichJsEvents: 3
whichJsEvents: 4
whichJsEvents: 5
whichJsEvents: 6
whichJsEvents: 7
whichJsEvents: 8
whichJsEvents: 9
whichJsEvents: 10
whichJsEvents: 11
whichJsEvents: 12
whichJsEvents: 13
whichJsEvents: 14
whichJsEvents: 15
whichJsEvents: 16
whichJsEvents: 17
whichJsEvents: 18
whichJsEvents: 19
whichJsEvents: 20
whichJsEvents: 21
whichJsEvents: 22
whichJsEvents: 23
whichJsEvents: 24
whichJsEvents: 25
whichJsEvents: 26
whichJsEvents: 27
whichJsEvents: 28
whichJsEvents: 29
whichJsEvents: 30
whichJsEvents: 31
whichJsEvents: 32
whichJsEvents: 33
whichJsEvents: 34
whichJsEvents: 35
whichJsEvents: 36
whichJsEvents: 37
whichJsEvents: 38
whichJsEvents: 39
whichJsEvents: 40
whichJsEvents: 41
whichJsEvents: 42
whichJsEvents: 43
whichJsEvents: 44
whichJsEvents: 45
whichJsEvents: 46
whichJsEvents: 47
whichJsEvents: 48
whichJsEvents: 49
whichJsEvents: 50
whichJsEvents: 51
whichJsEvents: 52
whichJsEvents: 53
whichJsEvents: 54
whichJsEvents: 55
whichJsEvents: 56
whichJsEvents: 57
whichJsEvents: 58
whichJsEvents: 59
whichJsEvents: 60
whichJsEvents: 61
whichJsEvents: 62
whichJsEvents: 63
whichJsEvents: 64
whichJsEvents: 65
whichJsEvents: 66
whichJsEvents: 67
whichJsEvents: 68
whichJsEvents: 69
whichJsEvents: 70
whichJsEvents: 71
whichJsEvents: 72
whichJsEvents: 73
whichJsEvents: 74
whichJsEvents: 75
whichJsEvents: 76
whichJsEvents: 77
whichJsEvents: 78
whichJsEvents: 79
whichJsEvents: 80
whichJsEvents: 81
whichJsEvents: 82
whichJsEvents: 83
event at 0xcfc5f44875b51b4c4e60cb4d7ef4ab87d0b5ae64
{ logIndex: 0,
  transactionIndex: 0,
  transactionHash: '0x1ba064de19032d8eef7404052046c89a4f27a7872222de415c5437376dd98ad2',
  blockHash: '0x02c2b9490ffcd5bb0822b64554806e21d401d950cf0e790fef61b3ec19b680b2',
  blockNumber: 76,
  address: '0xcfc5f44875b51b4c4e60cb4d7ef4ab87d0b5ae64',
  type: 'mined',
  event: 'Established',
  args: 
   { startTime: { [String: '1482564691'] s: 1, e: 9, c: [Object] },
     manager: '0xb33dbdb860a2ac7943c888e535d9c2c0154747d7' } }
event at 0x1da8bcbcd23eb6543f268f9bded3d14c96ec5ef4
{ logIndex: 0,
  transactionIndex: 0,
  transactionHash: '0xad108829c4dc8f15927a62eaa84a2e2b0cf0088d3acc488d112b51fd3754ade5',
  blockHash: '0xe0177c3c4183c3d8cea8276ed2f5a7e5a63b6518c4629c11d4b42e31a88139b4',
  blockNumber: 77,
  address: '0x1da8bcbcd23eb6543f268f9bded3d14c96ec5ef4',
  type: 'mined',
  event: 'Established',
  args: 
   { startTime: { [String: '1482564718'] s: 1, e: 9, c: [Object] },
     manager: '0xb33dbdb860a2ac7943c888e535d9c2c0154747d7' } }
event at 0x1da8bcbcd23eb6543f268f9bded3d14c96ec5ef4
{ logIndex: 0,
  transactionIndex: 0,
  transactionHash: '0x85db7297c9fdb4f2a0605434129475a259b63e062c0ee69a443c633f6b01df59',
  blockHash: '0x132bf48d388b9128f4cf18a7359e396b8ebbc1882379ea3388c06e94645221a1',
  blockNumber: 78,
  address: '0x1da8bcbcd23eb6543f268f9bded3d14c96ec5ef4',
  type: 'mined',
  event: 'RecruitAndDecisionTimeSet',
  args: 
   { endTimeRecruit: { [String: '1482564723'] s: 1, e: 9, c: [Object] },
     decisonTime: { [String: '5'] s: 1, e: 0, c: [Object] } } }
event at 0x16d1158199f254fcc3f4f67bf9592131f3bdedc8
{ logIndex: 0,
  transactionIndex: 0,
  transactionHash: '0x55970af934f90a85979cbd0c55077e692af647637f5ca697e1df8e6abf5001da',
  blockHash: '0x4265ba90fe55428005e13cfe8b79bd3671d7e2a2aac71d590929f3a47f0e1ebe',
  blockNumber: 117,
  address: '0x16d1158199f254fcc3f4f67bf9592131f3bdedc8',
  type: 'mined',
  event: 'Established',
  args: 
   { startTime: { [String: '1482565180'] s: 1, e: 9, c: [Object] },
     manager: '0xb33dbdb860a2ac7943c888e535d9c2c0154747d7' } }
event at 0x1fc081b98c7b6efed612aa9a37ea6cf4eae2ab47
{ logIndex: 0,
  transactionIndex: 0,
  transactionHash: '0xecb95db8059060636c8fce4d255e019250537987c71aa4c15953ccc953648c43',
  blockHash: '0xec4b11228b381d3756b338c404ff377bacec60935c4969dbfdc9b014a771c203',
  blockNumber: 118,
  address: '0x1fc081b98c7b6efed612aa9a37ea6cf4eae2ab47',
  type: 'mined',
  event: 'Established',
  args: 
   { startTime: { [String: '1482566881'] s: 1, e: 9, c: [Object] },
     manager: '0xb33dbdb860a2ac7943c888e535d9c2c0154747d7' } }
event at 0x5743fe8dad9fb87aa5027539e8ee9d425d277b04
{ logIndex: 0,
  transactionIndex: 0,
  transactionHash: '0x67030475ae3bc1c19f6f1d79d5c31177770aff3816322275d75c4af19a971cad',
  blockHash: '0xc50f966131e84ace0881041457755b1b659776f2ef8624ba1dfc804372b25097',
  blockNumber: 120,
  address: '0x5743fe8dad9fb87aa5027539e8ee9d425d277b04',
  type: 'mined',
  event: 'Established',
  args: 
   { startTime: { [String: '1482577320'] s: 1, e: 9, c: [Object] },
     manager: '0xb33dbdb860a2ac7943c888e535d9c2c0154747d7' } }
event at 0x9883246731187a7c593c9a69bfff4c6669c5af83
{ logIndex: 0,
  transactionIndex: 0,
  transactionHash: '0x157ef153d422b2d3b3110ea2612a98bd5a4c70e37b5ddb73c025ec2fc4eb251a',
  blockHash: '0x8b8d30933de8cf185c55f609d7ce67cafbbc55284e95af8277ddff2a2691c3b1',
  blockNumber: 119,
  address: '0x9883246731187a7c593c9a69bfff4c6669c5af83',
  type: 'mined',
  event: 'Established',
  args: 
   { startTime: { [String: '1482577310'] s: 1, e: 9, c: [Object] },
     manager: '0xb33dbdb860a2ac7943c888e535d9c2c0154747d7' } }
event at 0xfc7cf60dbb59b3bcac36d711bbaa18d424cf40a0
{ logIndex: 0,
  transactionIndex: 0,
  transactionHash: '0x4e158eeef9356128133a48e118569570e8747b61850c6e6ee27e45c49e808ade',
  blockHash: '0x7b7ee452e8619fa00b790f56cac1f4a179909e26cc1cd2429f22e1965b2e5b6e',
  blockNumber: 121,
  address: '0xfc7cf60dbb59b3bcac36d711bbaa18d424cf40a0',
  type: 'mined',
  event: 'Established',
  args: 
   { startTime: { [String: '1482577353'] s: 1, e: 9, c: [Object] },
     manager: '0xb33dbdb860a2ac7943c888e535d9c2c0154747d7' } }
event at 0xdc6f009993eaa2fb1a5bc28c582af2577e215f58
{ logIndex: 0,
  transactionIndex: 0,
  transactionHash: '0xc00e6bec9036395e40fcfdd8f8436247070a7b588ba399df4a9da812cbbcfcc8',
  blockHash: '0xc396d17ee1e706f3637234b50f4281c00ea263e6351aa7a11389defcb48ccc6a',
  blockNumber: 123,
  address: '0xdc6f009993eaa2fb1a5bc28c582af2577e215f58',
  type: 'mined',
  event: 'Established',
  args: 
   { startTime: { [String: '1482577593'] s: 1, e: 9, c: [Object] },
     manager: '0xb33dbdb860a2ac7943c888e535d9c2c0154747d7' } }
event at 0xe7e055ea0c408d4030804dda03ef43f3b25ad7e2
{ logIndex: 0,
  transactionIndex: 0,
  transactionHash: '0x6fde96241a160ac84a308cc07d7d55e89a643d4419b4b15fbea8db419d8f0941',
  blockHash: '0x27900546f016929d58da5d56492bb4607a94c59e5b87a4a409b931de25cd3ea5',
  blockNumber: 122,
  address: '0xe7e055ea0c408d4030804dda03ef43f3b25ad7e2',
  type: 'mined',
  event: 'Established',
  args: 
   { startTime: { [String: '1482577473'] s: 1, e: 9, c: [Object] },
     manager: '0xb33dbdb860a2ac7943c888e535d9c2c0154747d7' } }
event at 0xe3ea4415882aa8085de3a57a13dc58a7488d18cb
{ logIndex: 0,
  transactionIndex: 0,
  transactionHash: '0xadc05cffa8d843883b451691f7189a4ed603ad9133887043ecb8c2ab999e6268',
  blockHash: '0xdc7ed5e8440e1288a975e9a1003b47a0faf991d05612c7e859a0680f229b8729',
  blockNumber: 124,
  address: '0xe3ea4415882aa8085de3a57a13dc58a7488d18cb',
  type: 'mined',
  event: 'Established',
  args: 
   { startTime: { [String: '1482577693'] s: 1, e: 9, c: [Object] },
     manager: '0xb33dbdb860a2ac7943c888e535d9c2c0154747d7' } }
event at 0x0c0fa7245ddfcb4d208db6286553c0fe227fb198
{ logIndex: 0,
  transactionIndex: 0,
  transactionHash: '0x80f47ce276dfb9a788df350c96c16b6e7a4c3146fa11438bfecb465f014d483c',
  blockHash: '0xc2ee0550b4747eaf31c4e25a3157c824dc4674abaf9a32d3f86720d87425370b',
  blockNumber: 125,
  address: '0x0c0fa7245ddfcb4d208db6286553c0fe227fb198',
  type: 'mined',
  event: 'Established',
  args: 
   { startTime: { [String: '1482577703'] s: 1, e: 9, c: [Object] },
     manager: '0xb33dbdb860a2ac7943c888e535d9c2c0154747d7' } }
event at 0x4052eace34dfebf12271e488db3edb4725ca2dfd
{ logIndex: 0,
  transactionIndex: 0,
  transactionHash: '0xae3e4af729f74cf0e2dffccf94ab4518e2f1f86eac1b2e09f8d3078147d3c0a2',
  blockHash: '0xfa0103297d5e48067f1fad7e7d48614c059f2be9eab0f8da0a71a237ca04271f',
  blockNumber: 126,
  address: '0x4052eace34dfebf12271e488db3edb4725ca2dfd',
  type: 'mined',
  event: 'Established',
  args: 
   { startTime: { [String: '1482577722'] s: 1, e: 9, c: [Object] },
     manager: '0xb33dbdb860a2ac7943c888e535d9c2c0154747d7' } }
event at 0x32c489c4566d4fc0e38219275188a89dccce2ceb
{ logIndex: 0,
  transactionIndex: 0,
  transactionHash: '0x36c50b8074709d9f9997f9fd95a848ab74cd6c1fdad55aff0acd6a5d92ffc458',
  blockHash: '0x683a8ad169e79e79c302c00a64393e45322affa0fb92b9707f6ed9018324819e',
  blockNumber: 127,
  address: '0x32c489c4566d4fc0e38219275188a89dccce2ceb',
  type: 'mined',
  event: 'Established',
  args: 
   { startTime: { [String: '1482577743'] s: 1, e: 9, c: [Object] },
     manager: '0xb33dbdb860a2ac7943c888e535d9c2c0154747d7' } }
event at 0x49c76f60942c7dccd6285abec56701bfb2702fdc
{ logIndex: 0,
  transactionIndex: 0,
  transactionHash: '0x3cb6262af907ec368d5a39858413c3717a15da07fcc22ef10ed020813b1de020',
  blockHash: '0xb8e75316ce074dee03a90b1ddbcb1ec48be7015b32c817b9366f902c61599d80',
  blockNumber: 128,
  address: '0x49c76f60942c7dccd6285abec56701bfb2702fdc',
  type: 'mined',
  event: 'Established',
  args: 
   { startTime: { [String: '1482577748'] s: 1, e: 9, c: [Object] },
     manager: '0xb33dbdb860a2ac7943c888e535d9c2c0154747d7' } }
event at 0xdf067011d0c86a49926a119fe1837f117ac001ef
{ logIndex: 0,
  transactionIndex: 0,
  transactionHash: '0x1ded60e00445d8b29d29da8e84eff1a997f95704d7e61e8546c681060dd19343',
  blockHash: '0x78a07f36ec14d4822055edd72de840aff4d4bfb43dd9e71a8f6ccd9650721191',
  blockNumber: 130,
  address: '0xdf067011d0c86a49926a119fe1837f117ac001ef',
  type: 'mined',
  event: 'Established',
  args: 
   { startTime: { [String: '1482577772'] s: 1, e: 9, c: [Object] },
     manager: '0xb33dbdb860a2ac7943c888e535d9c2c0154747d7' } }
event at 0xb5844b28fc9ebcc45340c297c61ae3e795011bb7
{ logIndex: 0,
  transactionIndex: 0,
  transactionHash: '0xe60066c1aec4e18481ceae14390082ef2589f2680a7cb902f827cbc305530cdc',
  blockHash: '0xca8f8f7d407ce404dec05fcbad9d53d2f67b8a35a3f8d98f34e37a52a47f64b9',
  blockNumber: 129,
  address: '0xb5844b28fc9ebcc45340c297c61ae3e795011bb7',
  type: 'mined',
  event: 'Established',
  args: 
   { startTime: { [String: '1482577768'] s: 1, e: 9, c: [Object] },
     manager: '0xb33dbdb860a2ac7943c888e535d9c2c0154747d7' } }
event at 0x2ba1be80853de44a9de1f9eb5643428272e342df
{ logIndex: 0,
  transactionIndex: 0,
  transactionHash: '0x5edfa9f6093748783f0c736c01439d310ae7f0c2feda4222cb7c5c713420fcbf',
  blockHash: '0xfb59c742863f82214f938b6f7abb6f8d713d5fe8ee8c05372240dacd5cb45074',
  blockNumber: 131,
  address: '0x2ba1be80853de44a9de1f9eb5643428272e342df',
  type: 'mined',
  event: 'Established',
  args: 
   { startTime: { [String: '1482577775'] s: 1, e: 9, c: [Object] },
     manager: '0xb33dbdb860a2ac7943c888e535d9c2c0154747d7' } }
event at 0xba94e658a22e25975ce818e4035b0406b9884885
{ logIndex: 0,
  transactionIndex: 0,
  transactionHash: '0xe99c5f6e2d16709a763ffa72fc0b5d80bbf81f5e3be47bf46c9d804f79122006',
  blockHash: '0xb8377482e94b7e0e20b0796a377646bfcb76b195a85abbf2a48c296b593d1a71',
  blockNumber: 132,
  address: '0xba94e658a22e25975ce818e4035b0406b9884885',
  type: 'mined',
  event: 'Established',
  args: 
   { startTime: { [String: '1482577776'] s: 1, e: 9, c: [Object] },
     manager: '0xb33dbdb860a2ac7943c888e535d9c2c0154747d7' } }
event at 0x72ef5af0f370a0362e87814cb95753000f52e529
{ logIndex: 0,
  transactionIndex: 0,
  transactionHash: '0x681dc9bac818924b9aa2922c61b6a1472aee70aa3290172822eba6db6b375dba',
  blockHash: '0xf7b106988783ed24b27811ff3a2c01d07aa689935e00b0d2426d5b951c1dd431',
  blockNumber: 133,
  address: '0x72ef5af0f370a0362e87814cb95753000f52e529',
  type: 'mined',
  event: 'Established',
  args: 
   { startTime: { [String: '1482577778'] s: 1, e: 9, c: [Object] },
     manager: '0xb33dbdb860a2ac7943c888e535d9c2c0154747d7' } }
event at 0xf0be3f225db3c1f8e804030e61c582bcefac7797
{ logIndex: 0,
  transactionIndex: 0,
  transactionHash: '0xc7f30d6589a3d6e128e73db47da79a32a47c91cd727084f7d0f81cd784d08960',
  blockHash: '0xd7a7ba950ca17811d6b1ab3e3c5e9819abbc1b0c4cf5bdbaa8c982d49d16bce0',
  blockNumber: 134,
  address: '0xf0be3f225db3c1f8e804030e61c582bcefac7797',
  type: 'mined',
  event: 'Established',
  args: 
   { startTime: { [String: '1482577798'] s: 1, e: 9, c: [Object] },
     manager: '0xb33dbdb860a2ac7943c888e535d9c2c0154747d7' } }
event at 0xb54254c0a4f62b47c2b9576e10f986650d5d95b8
{ logIndex: 0,
  transactionIndex: 0,
  transactionHash: '0x7f34f07f785ac8e49e2149c9a4014538ab6e87e80bddb43c72b2ed7904fb41fd',
  blockHash: '0x581a5165f48010fe9420adc2d66bd741c880ef22398fa4e8538434edd36d627b',
  blockNumber: 135,
  address: '0xb54254c0a4f62b47c2b9576e10f986650d5d95b8',
  type: 'mined',
  event: 'Established',
  args: 
   { startTime: { [String: '1482577798'] s: 1, e: 9, c: [Object] },
     manager: '0xb33dbdb860a2ac7943c888e535d9c2c0154747d7' } }
event at 0xdf611f85509db0a6a786cff5440c15950c86f699
{ logIndex: 0,
  transactionIndex: 0,
  transactionHash: '0x1450a5a0344d6638dfaf89cc13709fa14bf03bfd368f218c60fe33f21e01a196',
  blockHash: '0x23409fec85b69fffed9d916eb38486b06b8e50bdee52a06fb8cda09e628a801a',
  blockNumber: 136,
  address: '0xdf611f85509db0a6a786cff5440c15950c86f699',
  type: 'mined',
  event: 'Established',
  args: 
   { startTime: { [String: '1482577799'] s: 1, e: 9, c: [Object] },
     manager: '0xb33dbdb860a2ac7943c888e535d9c2c0154747d7' } }
event at 0x0805670294e8f93aa9e876f8e411a109b9b9ba81
{ logIndex: 0,
  transactionIndex: 0,
  transactionHash: '0xcadaa9bc82d040c674a2bb4c4e5c81bc8bc5be87a29902e1e2f8c395cb049d38',
  blockHash: '0x93ceb2ae38089f5de2cc6d54189f03808a329802524f8e87ec00ea7a50e4cb78',
  blockNumber: 137,
  address: '0x0805670294e8f93aa9e876f8e411a109b9b9ba81',
  type: 'mined',
  event: 'Established',
  args: 
   { startTime: { [String: '1482577813'] s: 1, e: 9, c: [Object] },
     manager: '0xb33dbdb860a2ac7943c888e535d9c2c0154747d7' } }
event at 0x750ec5a7de916b7d5e20aea439dd8480821d1038
{ logIndex: 0,
  transactionIndex: 0,
  transactionHash: '0x379cf08a84dcd0ffbbc723fdfc7be1c066191c367af050bb658d688d6146ba22',
  blockHash: '0x1f25e78ebed7349516cbe46c01cdc03cb1550691f72b414b4a9ad27136355827',
  blockNumber: 139,
  address: '0x750ec5a7de916b7d5e20aea439dd8480821d1038',
  type: 'mined',
  event: 'Established',
  args: 
   { startTime: { [String: '1482581812'] s: 1, e: 9, c: [Object] },
     manager: '0xb33dbdb860a2ac7943c888e535d9c2c0154747d7' } }
event at 0x219b58d9859c622e807bdfa61979d7e458c68141
{ logIndex: 0,
  transactionIndex: 0,
  transactionHash: '0x5025a0f56b21a6c1f7ac4a628042188c6b772a0d24c3fb9e20fd678758f30351',
  blockHash: '0xe3d78ee4e378656e54086d39bcd9930c15eb3aefddb1c6877186da8a4e6e1399',
  blockNumber: 140,
  address: '0x219b58d9859c622e807bdfa61979d7e458c68141',
  type: 'mined',
  event: 'Established',
  args: 
   { startTime: { [String: '1482610521'] s: 1, e: 9, c: [Object] },
     manager: '0xb33dbdb860a2ac7943c888e535d9c2c0154747d7' } }
event at 0xf757f96d3fce4128909af1a467eb4a3551088f9f
{ logIndex: 0,
  transactionIndex: 0,
  transactionHash: '0x7b694cca7a0bb1e69f5417447fbc2cb2736fdad5f3ea77d2f238f1b1b9033be2',
  blockHash: '0x95082f7e7832974a2b3e9f9b976cc49e14611ecf1edbb0775120c272228d2aed',
  blockNumber: 138,
  address: '0xf757f96d3fce4128909af1a467eb4a3551088f9f',
  type: 'mined',
  event: 'Established',
  args: 
   { startTime: { [String: '1482577814'] s: 1, e: 9, c: [Object] },
     manager: '0xb33dbdb860a2ac7943c888e535d9c2c0154747d7' } }
event at 0x12bcaedd43c59d8f2f9c07daa8b387e149d91f43
{ logIndex: 0,
  transactionIndex: 0,
  transactionHash: '0x0bdd743c3fd062fc9e7fb633e6743a31870717a7bb3c31d9c2c6090ef8e7865b',
  blockHash: '0x74f1063e690828471ce5d384827ea36776d9ee2613a1bd605703f4f9792a3651',
  blockNumber: 145,
  address: '0x12bcaedd43c59d8f2f9c07daa8b387e149d91f43',
  type: 'mined',
  event: 'Established',
  args: 
   { startTime: { [String: '1482611228'] s: 1, e: 9, c: [Object] },
     manager: '0xb33dbdb860a2ac7943c888e535d9c2c0154747d7' } }
event at 0xad256d973fac7cd0195cf19c878515f48a754d1b
{ logIndex: 0,
  transactionIndex: 0,
  transactionHash: '0xdfd4e5029acdb99e3123987e4d48c04c59942d003cf930d3d4459c861e8c04e5',
  blockHash: '0xce21aac51bd70d3356b2b915b9604fc25fc00b5c3d6727eab2c83cd7773eeaa8',
  blockNumber: 146,
  address: '0xad256d973fac7cd0195cf19c878515f48a754d1b',
  type: 'mined',
  event: 'Established',
  args: 
   { startTime: { [String: '1482611316'] s: 1, e: 9, c: [Object] },
     manager: '0xb33dbdb860a2ac7943c888e535d9c2c0154747d7' } }
event at 0xb2a036dd10c0f26ced71c8327d3db8ccc6e7497c
{ logIndex: 0,
  transactionIndex: 0,
  transactionHash: '0xb486c315f21f1402cb911ad570947599d59842bc771cebea611707e4565a733e',
  blockHash: '0x9abb6a64dfd6313a1d6de7d54829ea8489068174626989963927b86751eff362',
  blockNumber: 149,
  address: '0xb2a036dd10c0f26ced71c8327d3db8ccc6e7497c',
  type: 'mined',
  event: 'Established',
  args: 
   { startTime: { [String: '1482611831'] s: 1, e: 9, c: [Object] },
     manager: '0xb33dbdb860a2ac7943c888e535d9c2c0154747d7' } }
event at 0xb2a036dd10c0f26ced71c8327d3db8ccc6e7497c
{ logIndex: 0,
  transactionIndex: 0,
  transactionHash: '0xac2769053a27f8d342dd5b361e696b7688271d21045058cd8d6db81965aebcf5',
  blockHash: '0xab6ece782c4d76b326d658e0f5cfc6ea518aa0010e6b27b8774307b9a6add8a2',
  blockNumber: 150,
  address: '0xb2a036dd10c0f26ced71c8327d3db8ccc6e7497c',
  type: 'mined',
  event: 'RecruitAndDecisionTimeSet',
  args: 
   { endTimeRecruit: { [String: '14826118315'] s: 1, e: 10, c: [Object] },
     decisonTime: { [String: '5'] s: 1, e: 0, c: [Object] } } }
event at 0x8959ac0ff674c62cbc1a0fa4983badda2dc28bb0
{ logIndex: 0,
  transactionIndex: 0,
  transactionHash: '0xc13a2cb811d59213cbc1278752ca9540e23e3c6ff0d387817e857ef537668aab',
  blockHash: '0xcbf342d6423d5b9e8b884f04cadce8fb8c5529366ad3fb8f8c250c50a8e50b62',
  blockNumber: 178,
  address: '0x8959ac0ff674c62cbc1a0fa4983badda2dc28bb0',
  type: 'mined',
  event: 'Established',
  args: 
   { startTime: { [String: '1482689430'] s: 1, e: 9, c: [Object] },
     manager: '0xb33dbdb860a2ac7943c888e535d9c2c0154747d7' } }
event at 0x3210c20a7139b2d53989fc33a25072d9bf7f91b8
{ logIndex: 0,
  transactionIndex: 0,
  transactionHash: '0xfe514594d7cf65d31f1506e61ad1cc5597ecf0ac562bde82fc1377abf2707b32',
  blockHash: '0x519c0760b5aa92c25851896ceb9e4ca958129ef885fdcca0503eec419219121b',
  blockNumber: 147,
  address: '0x3210c20a7139b2d53989fc33a25072d9bf7f91b8',
  type: 'mined',
  event: 'Established',
  args: 
   { startTime: { [String: '1482611746'] s: 1, e: 9, c: [Object] },
     manager: '0xb33dbdb860a2ac7943c888e535d9c2c0154747d7' } }
event at 0x3210c20a7139b2d53989fc33a25072d9bf7f91b8
{ logIndex: 0,
  transactionIndex: 0,
  transactionHash: '0x00d4574346076681ed8d3379a06a1c8e352048df0cd46215cd4a2c0135b33b24',
  blockHash: '0xcbbcdab104e7ddbdd92d8628d936e3c97624696023e5e4271774901acf323b21',
  blockNumber: 148,
  address: '0x3210c20a7139b2d53989fc33a25072d9bf7f91b8',
  type: 'mined',
  event: 'RecruitAndDecisionTimeSet',
  args: 
   { endTimeRecruit: { [String: '1482611746100'] s: 1, e: 12, c: [Object] },
     decisonTime: { [String: '100'] s: 1, e: 2, c: [Object] } } }
event at 0x459369ca8a928ba97935c2df9e31098041b2ed96
{ logIndex: 0,
  transactionIndex: 0,
  transactionHash: '0x08b04f26eba1f1240d2c88bd91be6a3d1a294643653828ffbcbad32ec22c51ea',
  blockHash: '0x31ba491690fcaf502735a79fc715d571addfa30b3142ac2bd1f11557e377595f',
  blockNumber: 179,
  address: '0x459369ca8a928ba97935c2df9e31098041b2ed96',
  type: 'mined',
  event: 'Established',
  args: 
   { startTime: { [String: '1482689589'] s: 1, e: 9, c: [Object] },
     manager: '0xb33dbdb860a2ac7943c888e535d9c2c0154747d7' } }
event at 0x27c5f28bbc2ef78b0779862198b22d83fa5527c4
{ logIndex: 0,
  transactionIndex: 0,
  transactionHash: '0xd8b9636180e35a20ee4ca6553aa55b5c63c524903c9916176f6d7d828f280ac5',
  blockHash: '0x7a5f9e0370d82b37f05a7a28a6c95b307021824472b72b03abc6db06beed9d16',
  blockNumber: 181,
  address: '0x27c5f28bbc2ef78b0779862198b22d83fa5527c4',
  type: 'mined',
  event: 'Established',
  args: 
   { startTime: { [String: '1482690212'] s: 1, e: 9, c: [Object] },
     manager: '0xb33dbdb860a2ac7943c888e535d9c2c0154747d7' } }
event at 0x735ed483251e2e785ebe8d59f1ea1b1a2b1cc6b9
{ logIndex: 0,
  transactionIndex: 0,
  transactionHash: '0x2d72993587778c436dc475f016d948cf7f2e15870c7ce08412b80de209995d63',
  blockHash: '0xea256d7067b131db3b450b63cd82efbf7380a02c1ca8d951ddef7fa6211cdac5',
  blockNumber: 180,
  address: '0x735ed483251e2e785ebe8d59f1ea1b1a2b1cc6b9',
  type: 'mined',
  event: 'Established',
  args: 
   { startTime: { [String: '1482690072'] s: 1, e: 9, c: [Object] },
     manager: '0xb33dbdb860a2ac7943c888e535d9c2c0154747d7' } }
event at 0x350ed0aadd7da828a49129d41ba8c4be3441c915
{ logIndex: 0,
  transactionIndex: 0,
  transactionHash: '0xcfa8cc05116593088c38b707eda84a312cbeeadb6ac7e2335646860ac4657643',
  blockHash: '0x7ca7a9250f763af812b302ddf27a0471cd5fe86748b698c4b1365f7eb02eab1b',
  blockNumber: 183,
  address: '0x350ed0aadd7da828a49129d41ba8c4be3441c915',
  type: 'mined',
  event: 'Established',
  args: 
   { startTime: { [String: '1482693799'] s: 1, e: 9, c: [Object] },
     manager: '0x6a41dd89a29a9808d49a96b0536f57175b1ea5aa' } }
event at 0x574fa3afd024d38b580309ac96ca91ec4073a64c
{ logIndex: 0,
  transactionIndex: 0,
  transactionHash: '0x9d726b476a7d60e84ab5743b78a96eacdcb1b804b7cd493025156c723461dec3',
  blockHash: '0xb2be775b7b0d879a835043c49ca1ef9b62a398c12c55d82083fe32c028b5f8a2',
  blockNumber: 182,
  address: '0x574fa3afd024d38b580309ac96ca91ec4073a64c',
  type: 'mined',
  event: 'Established',
  args: 
   { startTime: { [String: '1482692569'] s: 1, e: 9, c: [Object] },
     manager: '0xb33dbdb860a2ac7943c888e535d9c2c0154747d7' } }
event at 0xf3319c058586ac6adacbeb2561d23ea95b0f2238
{ logIndex: 0,
  transactionIndex: 0,
  transactionHash: '0x6cc212aa3dc0c0837345597bbc78481a30703cf30ffcc63b81ee67b151818911',
  blockHash: '0xaf9f3c3f19a6501fc9d00605c3a8ed95f73fbdf436345075cf54921678181e53',
  blockNumber: 185,
  address: '0xf3319c058586ac6adacbeb2561d23ea95b0f2238',
  type: 'mined',
  event: 'Established',
  args: 
   { startTime: { [String: '1482724533'] s: 1, e: 9, c: [Object] },
     manager: '0xb33dbdb860a2ac7943c888e535d9c2c0154747d7' } }
event at 0xf3f1806618300504d9e0da66a02c6ae58ffd09dd
{ logIndex: 0,
  transactionIndex: 0,
  transactionHash: '0x0a9faa0fa8bd7300275c360b6e3272c3790529c0f465f693280058bc92b61319',
  blockHash: '0xc8ca2471f30582c781ad0806422d84c3124d109b72bd06cca8d0cd8379231785',
  blockNumber: 184,
  address: '0xf3f1806618300504d9e0da66a02c6ae58ffd09dd',
  type: 'mined',
  event: 'Established',
  args: 
   { startTime: { [String: '1482694159'] s: 1, e: 9, c: [Object] },
     manager: '0x0c0a5936381d94432685c9645adae75d7767ad20' } }
event at 0x517371bf86c73e433b249d71b5af82a484122522
{ logIndex: 0,
  transactionIndex: 0,
  transactionHash: '0x59d3232f365fe49007096cab2b4b161197a713abc8f32909c5272a3d49d5782f',
  blockHash: '0xb5a6bfdd8979158d123d73fc96073abb328eefaaa873585fd74b585b2ec69720',
  blockNumber: 187,
  address: '0x517371bf86c73e433b249d71b5af82a484122522',
  type: 'mined',
  event: 'Established',
  args: 
   { startTime: { [String: '1482724685'] s: 1, e: 9, c: [Object] },
     manager: '0xb33dbdb860a2ac7943c888e535d9c2c0154747d7' } }
event at 0x279e83db3594e9ff48e3bc4ba42b90561754d929
{ logIndex: 0,
  transactionIndex: 0,
  transactionHash: '0x9221755c87a9475e2370c7af4a31d77c065b0345ec0b71d13eb6410384f61293',
  blockHash: '0x100f62b6151a5c3da4a659e3a9d13b53d6b702de53b43240a1c54d5ae0028897',
  blockNumber: 188,
  address: '0x279e83db3594e9ff48e3bc4ba42b90561754d929',
  type: 'mined',
  event: 'Established',
  args: 
   { startTime: { [String: '1482724757'] s: 1, e: 9, c: [Object] },
     manager: '0xb33dbdb860a2ac7943c888e535d9c2c0154747d7' } }
event at 0xa6195b19821e9b5b9f7e30c9a1422aabbd779e1f
{ logIndex: 0,
  transactionIndex: 0,
  transactionHash: '0x24a638d90f5c3c3cd29600e9734a9e1685dd6db7f90ec4e5da3d319a4143d850',
  blockHash: '0x39317cc9a03cbec1f21cda2266beb180850f527e327cd06eab71a68d9bfe5df7',
  blockNumber: 190,
  address: '0xa6195b19821e9b5b9f7e30c9a1422aabbd779e1f',
  type: 'mined',
  event: 'Established',
  args: 
   { startTime: { [String: '1482724822'] s: 1, e: 9, c: [Object] },
     manager: '0xb33dbdb860a2ac7943c888e535d9c2c0154747d7' } }
event at 0x37f0eaefec5b1102e6118fd49af45c70f574836b
{ logIndex: 0,
  transactionIndex: 0,
  transactionHash: '0xb224e3023afdd4e4e98406f2edf46ec30bb8710f8601e59f313141d44757e450',
  blockHash: '0x5b19c7f96825cd0110bb43b97fd7f21e1ba780bff2d9340dd7904c5145abbfa9',
  blockNumber: 189,
  address: '0x37f0eaefec5b1102e6118fd49af45c70f574836b',
  type: 'mined',
  event: 'Established',
  args: 
   { startTime: { [String: '1482724804'] s: 1, e: 9, c: [Object] },
     manager: '0xb33dbdb860a2ac7943c888e535d9c2c0154747d7' } }
event at 0x86ceb3a179785f2017ca344c90c9705adc00ac97
{ logIndex: 0,
  transactionIndex: 0,
  transactionHash: '0xbc481e4befa08c1c752fc89ae22a5b3871f050eed5b2c81bec8a42b4857e07ea',
  blockHash: '0xbada530911292c4a235a09006eb2e95801878bf4c4309e6f1eb6f49c895b627a',
  blockNumber: 191,
  address: '0x86ceb3a179785f2017ca344c90c9705adc00ac97',
  type: 'mined',
  event: 'Established',
  args: 
   { startTime: { [String: '1482724905'] s: 1, e: 9, c: [Object] },
     manager: '0xb33dbdb860a2ac7943c888e535d9c2c0154747d7' } }
event at 0x09b27a64f523e4d9863f0e4d9efb9e914d4a56ce
{ logIndex: 0,
  transactionIndex: 0,
  transactionHash: '0x103afc4f48c09558e7ed60148b747e2bde5672063ef990c0cf6a1b27501278df',
  blockHash: '0xecbe356deb3d383b6120ce445c2c68b5f0c8e88a38e9c24ff6e9e05db0a9cfa6',
  blockNumber: 192,
  address: '0x09b27a64f523e4d9863f0e4d9efb9e914d4a56ce',
  type: 'mined',
  event: 'Established',
  args: 
   { startTime: { [String: '1482725041'] s: 1, e: 9, c: [Object] },
     manager: '0xb33dbdb860a2ac7943c888e535d9c2c0154747d7' } }
event at 0x94c9454db5044b256430bcaf6b9a72a5d82bee91
{ logIndex: 0,
  transactionIndex: 0,
  transactionHash: '0x0f077dfe23133932cbf70ef6f43d7a35cde7c12dbd3b60296adaa098b5f97e2e',
  blockHash: '0x2e15cac85b83c82e02690d67ea10b234c3d87b5a729fe569afb9d86de913d560',
  blockNumber: 186,
  address: '0x94c9454db5044b256430bcaf6b9a72a5d82bee91',
  type: 'mined',
  event: 'Established',
  args: 
   { startTime: { [String: '1482724577'] s: 1, e: 9, c: [Object] },
     manager: '0xb33dbdb860a2ac7943c888e535d9c2c0154747d7' } }
event at 0x97db545504b534b36e92a1252abfa3e8053a0fd8
{ logIndex: 0,
  transactionIndex: 0,
  transactionHash: '0x342172ef44354a4763987a83eb8c4073d142c3b9e95cbbd862224b952af28a4c',
  blockHash: '0x2b00a38acf0b8b533de7828c43e074bebc5169bb8eef19767b8b808339d47ec0',
  blockNumber: 193,
  address: '0x97db545504b534b36e92a1252abfa3e8053a0fd8',
  type: 'mined',
  event: 'Established',
  args: 
   { startTime: { [String: '1482725108'] s: 1, e: 9, c: [Object] },
     manager: '0xb33dbdb860a2ac7943c888e535d9c2c0154747d7' } }
event at 0xfb542e55e53fc58145886f9480a1a955c15544b6
{ logIndex: 0,
  transactionIndex: 0,
  transactionHash: '0x541e3b508b188d578baa91459dfc0a8e9f88262b20e77425ef28b83063ebd84f',
  blockHash: '0x4354a8e1a2fe659d9f4367576b8935b740e76a7f848b1cceb91e4dcc45b38ec6',
  blockNumber: 195,
  address: '0xfb542e55e53fc58145886f9480a1a955c15544b6',
  type: 'mined',
  event: 'Established',
  args: 
   { startTime: { [String: '1482726360'] s: 1, e: 9, c: [Object] },
     manager: '0xb33dbdb860a2ac7943c888e535d9c2c0154747d7' } }
event at 0x40c087d6225b06ae075c2f2f997cbf3e23ea91c1
{ logIndex: 0,
  transactionIndex: 0,
  transactionHash: '0xbc9686682d3e60313f8cb35fb3fe6b72c11f924b1c4349ce5fb51eee1380b38c',
  blockHash: '0x83ac9f00a27aa187ab65b6061e67d945ccadcf5b0c4f291c086a24ec31c55a1f',
  blockNumber: 196,
  address: '0x40c087d6225b06ae075c2f2f997cbf3e23ea91c1',
  type: 'mined',
  event: 'Established',
  args: 
   { startTime: { [String: '1482726456'] s: 1, e: 9, c: [Object] },
     manager: '0xb33dbdb860a2ac7943c888e535d9c2c0154747d7' } }
event at 0x6f54223ae23dc60dda83d80ffecf221a6adabfbc
{ logIndex: 0,
  transactionIndex: 0,
  transactionHash: '0xdd5df795e4812c1655e9e9e1f1a5b6bd44650b8d62428982847be8715ddc1e8b',
  blockHash: '0x2f9fbbb72f0df5efc01b3b5b6b3dd6fdbcf04f57d33aece7b81d65ca9208dbfa',
  blockNumber: 194,
  address: '0x6f54223ae23dc60dda83d80ffecf221a6adabfbc',
  type: 'mined',
  event: 'Established',
  args: 
   { startTime: { [String: '1482726330'] s: 1, e: 9, c: [Object] },
     manager: '0xb33dbdb860a2ac7943c888e535d9c2c0154747d7' } }
event at 0xade4f667567bce486cef76848b936f77b9879844
{ logIndex: 0,
  transactionIndex: 0,
  transactionHash: '0xd55e0e7aeeae73964b7355bc6c331370c474391b76c3ac1b8444c199fe004677',
  blockHash: '0x96df3f368b27527b2147d1e69e9e0f81aef250188d69765cc090486510f48ec9',
  blockNumber: 197,
  address: '0xade4f667567bce486cef76848b936f77b9879844',
  type: 'mined',
  event: 'Established',
  args: 
   { startTime: { [String: '1482726465'] s: 1, e: 9, c: [Object] },
     manager: '0xb33dbdb860a2ac7943c888e535d9c2c0154747d7' } }
event at 0xf429981c2dd43370757e2045dd63f7c293174723
{ logIndex: 0,
  transactionIndex: 0,
  transactionHash: '0x2eb7aa3d9f47551c4020409ffe0ddba30721be065a732239ca5104286fca2d9c',
  blockHash: '0x81103e1d4c4f004aea979c46cb95453c9f14f405bb4a4f142b2cf7966a67c2f6',
  blockNumber: 199,
  address: '0xf429981c2dd43370757e2045dd63f7c293174723',
  type: 'mined',
  event: 'Established',
  args: 
   { startTime: { [String: '1482726513'] s: 1, e: 9, c: [Object] },
     manager: '0xb33dbdb860a2ac7943c888e535d9c2c0154747d7' } }
event at 0x2e26726714481a13cfb7e79aa1282c91e1612c80
{ logIndex: 0,
  transactionIndex: 0,
  transactionHash: '0x0d59f664597068d7b888ce11968e0e279542d47ff7f85c0d0510aba07f4d037e',
  blockHash: '0x42242bf7606c083b190ac9a935180001e0796185d7bdd11836a1da4c346ece26',
  blockNumber: 198,
  address: '0x2e26726714481a13cfb7e79aa1282c91e1612c80',
  type: 'mined',
  event: 'Established',
  args: 
   { startTime: { [String: '1482726513'] s: 1, e: 9, c: [Object] },
     manager: '0xb33dbdb860a2ac7943c888e535d9c2c0154747d7' } }
event at 0x79e87e9d55400637af1bd5ed4ff15c9cdd1456e5
{ logIndex: 0,
  transactionIndex: 0,
  transactionHash: '0x975dbb34c1f92a0e62b65e9d973af83053b7f53f6a07120aaae5c0a9fc3d20a8',
  blockHash: '0x6df89aa0809d090b0d5ea163a4382a667d1d7ee10f1897cdbb3fbaf86d27c94b',
  blockNumber: 201,
  address: '0x79e87e9d55400637af1bd5ed4ff15c9cdd1456e5',
  type: 'mined',
  event: 'Established',
  args: 
   { startTime: { [String: '1482727896'] s: 1, e: 9, c: [Object] },
     manager: '0xb33dbdb860a2ac7943c888e535d9c2c0154747d7' } }
event at 0x3171235173ad1202f7758d7497e4736188e0e187
{ logIndex: 0,
  transactionIndex: 0,
  transactionHash: '0x9676a7239dbacdd4cbc858c548bd41a8a4cd2c9fcc12e5bc75c833c460586a96',
  blockHash: '0x047325bdb08fc94473598e74c5abc968b887e373b8f51cb3960999bda54c9a25',
  blockNumber: 200,
  address: '0x3171235173ad1202f7758d7497e4736188e0e187',
  type: 'mined',
  event: 'Established',
  args: 
   { startTime: { [String: '1482726517'] s: 1, e: 9, c: [Object] },
     manager: '0xb33dbdb860a2ac7943c888e535d9c2c0154747d7' } }
event at 0x08e393d4c39c477b1d32cf7ae2c525c7eb736355
{ logIndex: 0,
  transactionIndex: 0,
  transactionHash: '0xefd6ec8f65105d142ead46d332746a3762d49495b4695a4e952798bef51a8d1a',
  blockHash: '0xb9066c01fc110c1bb92d6cc6a630d31f152af4aa4884d6fd9602b40c8c33daae',
  blockNumber: 204,
  address: '0x08e393d4c39c477b1d32cf7ae2c525c7eb736355',
  type: 'mined',
  event: 'Established',
  args: 
   { startTime: { [String: '1482728799'] s: 1, e: 9, c: [Object] },
     manager: '0xb33dbdb860a2ac7943c888e535d9c2c0154747d7' } }
event at 0xa55f272410753f2935e3375239e6c4279f8a8f19
{ logIndex: 0,
  transactionIndex: 0,
  transactionHash: '0x16fd45f8828dd21bc333a55f00e3a6c000d1d69c5a2b09e9bd6629901f46e169',
  blockHash: '0xe7d805c9a60dcf025463dedde105545bb7f7deee873b91c06f7bf5ff639a7205',
  blockNumber: 202,
  address: '0xa55f272410753f2935e3375239e6c4279f8a8f19',
  type: 'mined',
  event: 'Established',
  args: 
   { startTime: { [String: '1482727896'] s: 1, e: 9, c: [Object] },
     manager: '0xb33dbdb860a2ac7943c888e535d9c2c0154747d7' } }
event at 0xfd1550cb548cf20334404310c448ced982663530
{ logIndex: 0,
  transactionIndex: 0,
  transactionHash: '0x59189952634b4cce5872619288f74d860085c3dc6666fb21345ca051f8c1429c',
  blockHash: '0xc6883c681b4a3e3702d0e81a7ac96aee6b9fc8c0b6f9b77affb73a62dcb10325',
  blockNumber: 203,
  address: '0xfd1550cb548cf20334404310c448ced982663530',
  type: 'mined',
  event: 'Established',
  args: 
   { startTime: { [String: '1482727910'] s: 1, e: 9, c: [Object] },
     manager: '0xb33dbdb860a2ac7943c888e535d9c2c0154747d7' } }
event at 0x28284a80e47136c5afe7e23c7c0e29319d8d122c
{ logIndex: 0,
  transactionIndex: 0,
  transactionHash: '0x5681d54f50556cf944b9c0460d9bb53a1826eb4666dff55f6126623539b4348a',
  blockHash: '0x3f6fc07ad160fa5b57bebaafe374bab0ae27fe3bdc7ec158b599862533d58bd9',
  blockNumber: 206,
  address: '0x28284a80e47136c5afe7e23c7c0e29319d8d122c',
  type: 'mined',
  event: 'Established',
  args: 
   { startTime: { [String: '1482729421'] s: 1, e: 9, c: [Object] },
     manager: '0xb33dbdb860a2ac7943c888e535d9c2c0154747d7' } }
event at 0xfa712a896c03f72d43f7d35bc1cde2fe7f0adcf6
{ logIndex: 0,
  transactionIndex: 0,
  transactionHash: '0x66bfd03a2f6e2a3fc123c597e4ab86233522a4a2a6f841bbc720cff023106e62',
  blockHash: '0x56503604d3518d159fc348c7815ff61d152a625502dd322dee5c939f63ca85ab',
  blockNumber: 205,
  address: '0xfa712a896c03f72d43f7d35bc1cde2fe7f0adcf6',
  type: 'mined',
  event: 'Established',
  args: 
   { startTime: { [String: '1482729214'] s: 1, e: 9, c: [Object] },
     manager: '0xb33dbdb860a2ac7943c888e535d9c2c0154747d7' } }
event at 0x06d9366edf536149806934e1fa78112f138e8904
{ logIndex: 0,
  transactionIndex: 0,
  transactionHash: '0x2842b29d9edeba92a4e05b3fa0f96a0eb963bf324d8019b442c91d0ef0d42032',
  blockHash: '0xf77bb343a9ad56a4cd89a48ee41b1beb77211a3746f6d04b427b4ea937d7a9f4',
  blockNumber: 208,
  address: '0x06d9366edf536149806934e1fa78112f138e8904',
  type: 'mined',
  event: 'Established',
  args: 
   { startTime: { [String: '1482729523'] s: 1, e: 9, c: [Object] },
     manager: '0xb33dbdb860a2ac7943c888e535d9c2c0154747d7' } }
event at 0x957e2831bef27e89996d2a41e2454e98b4eac208
{ logIndex: 0,
  transactionIndex: 0,
  transactionHash: '0x9f9408ca4fd529c5724513b9660d45c7eb0c71dc75c67d465dbc1737e2696268',
  blockHash: '0xda01cb6abfced56586cacba0b7869bf0d45484a33f284e4430c65924713cc686',
  blockNumber: 207,
  address: '0x957e2831bef27e89996d2a41e2454e98b4eac208',
  type: 'mined',
  event: 'Established',
  args: 
   { startTime: { [String: '1482729483'] s: 1, e: 9, c: [Object] },
     manager: '0xb33dbdb860a2ac7943c888e535d9c2c0154747d7' } }
event at 0xb53f0226f53cf7594d5a37f0830cdbfa5ea55f9c
{ logIndex: 0,
  transactionIndex: 0,
  transactionHash: '0xb1cb95471c84ea714e6f63d906fa0cf8aa98b945848bab8d27115a615e2872b6',
  blockHash: '0x311456d8eac5254e952ea3f2801aa81759f6c0ef627bd13f504b26adf63fd72a',
  blockNumber: 210,
  address: '0xb53f0226f53cf7594d5a37f0830cdbfa5ea55f9c',
  type: 'mined',
  event: 'Established',
  args: 
   { startTime: { [String: '1482729606'] s: 1, e: 9, c: [Object] },
     manager: '0xb33dbdb860a2ac7943c888e535d9c2c0154747d7' } }
event at 0x18a0d199531fb1177c212d054c14619cfe234a41
{ logIndex: 0,
  transactionIndex: 0,
  transactionHash: '0xa740b5035dabb960ae383d52ac59b8d2c6fded6a845a6b63d2ef6d805327cced',
  blockHash: '0x808e0971d93f9550ae83709be4dfb47064a4e008719a0d97a2ef62415f4bc364',
  blockNumber: 209,
  address: '0x18a0d199531fb1177c212d054c14619cfe234a41',
  type: 'mined',
  event: 'Established',
  args: 
   { startTime: { [String: '1482729565'] s: 1, e: 9, c: [Object] },
     manager: '0xb33dbdb860a2ac7943c888e535d9c2c0154747d7' } }
event at 0x3cfab8a60e935a37ad134e6263b49ef527447029
{ logIndex: 0,
  transactionIndex: 0,
  transactionHash: '0xcfe26d330229ce9cde29a6b8eb30e5f3d37a2a01607ccdd26032f7750d7edd38',
  blockHash: '0x88c297fe613cb76d2b8fb27c931fe20a5ad4b8fabf62dffc2e2d71a1a60cf87e',
  blockNumber: 212,
  address: '0x3cfab8a60e935a37ad134e6263b49ef527447029',
  type: 'mined',
  event: 'Established',
  args: 
   { startTime: { [String: '1482729823'] s: 1, e: 9, c: [Object] },
     manager: '0xb33dbdb860a2ac7943c888e535d9c2c0154747d7' } }
event at 0x253a71be5b1e444fdc32362129fc68ce79fb5f36
{ logIndex: 0,
  transactionIndex: 0,
  transactionHash: '0x11768f0d785c04966b8ba465a5376fe43d60fa07c4cde8416bc7aadbe573cee7',
  blockHash: '0x549f0df8fb6e25503536d7e3c249000c278cb6291b390d4eed63405163ebffb7',
  blockNumber: 211,
  address: '0x253a71be5b1e444fdc32362129fc68ce79fb5f36',
  type: 'mined',
  event: 'Established',
  args: 
   { startTime: { [String: '1482729648'] s: 1, e: 9, c: [Object] },
     manager: '0xb33dbdb860a2ac7943c888e535d9c2c0154747d7' } }
event at 0x174a12114e0252f08c544882982cf52434068f86
{ logIndex: 0,
  transactionIndex: 0,
  transactionHash: '0x86e6e7f9658a78db6ec50dcfaed46069dc0b79b16c575c4361b88eaefd194fa3',
  blockHash: '0x5e018bb38ee50b3a20ab4df52531cabf91d0dd478c4d2ca5054de1a106f4bfe6',
  blockNumber: 215,
  address: '0x174a12114e0252f08c544882982cf52434068f86',
  type: 'mined',
  event: 'Established',
  args: 
   { startTime: { [String: '1482730299'] s: 1, e: 9, c: [Object] },
     manager: '0xb33dbdb860a2ac7943c888e535d9c2c0154747d7' } }
event at 0xd8d7f51ef6bcf329fcd4dd04eca559815210f43e
{ logIndex: 0,
  transactionIndex: 0,
  transactionHash: '0x3d65341fb026cb02af70c0caed8b47f21d0fbfc63f373174ef4f038890621d15',
  blockHash: '0x4137fa8b35644e08a52b159a6d0858dc57859617d9c757404b368f84df754abb',
  blockNumber: 213,
  address: '0xd8d7f51ef6bcf329fcd4dd04eca559815210f43e',
  type: 'mined',
  event: 'Established',
  args: 
   { startTime: { [String: '1482729895'] s: 1, e: 9, c: [Object] },
     manager: '0xb33dbdb860a2ac7943c888e535d9c2c0154747d7' } }
event at 0x4f8b25a855a1c748d4be83e930313e945ca7e40c
{ logIndex: 0,
  transactionIndex: 0,
  transactionHash: '0x6e806f811f7db600fef7f3141a7ad8defcbe84a8d28e166dc1326e176249cc3e',
  blockHash: '0x479e90a20f351e22027535241c2cee370fad84ab353be803bf424adcc96032fd',
  blockNumber: 214,
  address: '0x4f8b25a855a1c748d4be83e930313e945ca7e40c',
  type: 'mined',
  event: 'Established',
  args: 
   { startTime: { [String: '1482729961'] s: 1, e: 9, c: [Object] },
     manager: '0xb33dbdb860a2ac7943c888e535d9c2c0154747d7' } }
event at 0x5a6522d8488616b6f7c5d4096a4634ebf4260cda
{ logIndex: 0,
  transactionIndex: 0,
  transactionHash: '0xba82f9c22c265ec704fba594ba663107768de4ce966f5201627e37c798d0e53d',
  blockHash: '0x3d6e1463857571445e7b2311f012217b0735837cb7fe7e57e8a7d05954ed75e2',
  blockNumber: 234,
  address: '0x5a6522d8488616b6f7c5d4096a4634ebf4260cda',
  type: 'mined',
  event: 'Established',
  args: 
   { startTime: { [String: '1482733367'] s: 1, e: 9, c: [Object] },
     manager: '0xb33dbdb860a2ac7943c888e535d9c2c0154747d7' } }
event at 0xf723ec331254e8ad88e2cdc29b3548848d581065
{ logIndex: 0,
  transactionIndex: 0,
  transactionHash: '0x80c727a4373b816732f6e018b6f07e1c25c932c9c933f89711f3ac462decd43b',
  blockHash: '0x33a32a5855e334ff509af4f43ab859059b774fb20021d839401888048176e785',
  blockNumber: 236,
  address: '0xf723ec331254e8ad88e2cdc29b3548848d581065',
  type: 'mined',
  event: 'Established',
  args: 
   { startTime: { [String: '1482735223'] s: 1, e: 9, c: [Object] },
     manager: '0xb33dbdb860a2ac7943c888e535d9c2c0154747d7' } }
event at 0x253e2285e41e83ed8fcb763e3285374d201f764e
{ logIndex: 0,
  transactionIndex: 0,
  transactionHash: '0xcc5a36d9d7c122539c5c0847ec6ce8d3e5c49aa1fb9d5263458af28808b86796',
  blockHash: '0x2e53af19d4f8881acf7675381238cb6092ab89402f904f84b782239c27d575e6',
  blockNumber: 238,
  address: '0x253e2285e41e83ed8fcb763e3285374d201f764e',
  type: 'mined',
  event: 'Established',
  args: 
   { startTime: { [String: '1482735493'] s: 1, e: 9, c: [Object] },
     manager: '0xb33dbdb860a2ac7943c888e535d9c2c0154747d7' } }
event at 0xb73d6b698c6a87da694a5897e58af0ce877dcdc7
{ logIndex: 0,
  transactionIndex: 0,
  transactionHash: '0xb64ad785a647d4d3399ab4d9252605a1368ddbc67a5b6f6e4bcce716d8ad2b2b',
  blockHash: '0xf3254508ebedd73f3229da1340346fd3e3f109a61846336230f0c7216a822b0c',
  blockNumber: 239,
  address: '0xb73d6b698c6a87da694a5897e58af0ce877dcdc7',
  type: 'mined',
  event: 'Established',
  args: 
   { startTime: { [String: '1482736496'] s: 1, e: 9, c: [Object] },
     manager: '0xb33dbdb860a2ac7943c888e535d9c2c0154747d7' } }
event at 0xaf2b3cd507e04a33dd6b6ea89c40edf40b06954e
{ logIndex: 0,
  transactionIndex: 0,
  transactionHash: '0x22d736ed03c22a2a11ceff3889b337e72a5c2f6ed9d928a1224506c6efdb9240',
  blockHash: '0x0384ab4fee39f098c71333b471e483c03bb3c104aa8133fe8b4dd51d2ceeb1f7',
  blockNumber: 237,
  address: '0xaf2b3cd507e04a33dd6b6ea89c40edf40b06954e',
  type: 'mined',
  event: 'Established',
  args: 
   { startTime: { [String: '1482735428'] s: 1, e: 9, c: [Object] },
     manager: '0xb33dbdb860a2ac7943c888e535d9c2c0154747d7' } }
event at 0x73ff0dd994858b451cef7fc90c3322b070515599
{ logIndex: 0,
  transactionIndex: 0,
  transactionHash: '0x3b0ec7dfc9f729a61e3e591a77a138c30bb302c42ff291a4208e5709eb37703c',
  blockHash: '0x977ec0396ccf8e564b83cb87306651cd908647038cd38df7b375dadd4e011926',
  blockNumber: 240,
  address: '0x73ff0dd994858b451cef7fc90c3322b070515599',
  type: 'mined',
  event: 'Established',
  args: 
   { startTime: { [String: '1482736591'] s: 1, e: 9, c: [Object] },
     manager: '0xb33dbdb860a2ac7943c888e535d9c2c0154747d7' } }
event at 0x56d48ab3ad8bb8818d5b8300d6fc9f173cff777a
{ logIndex: 0,
  transactionIndex: 0,
  transactionHash: '0xd372a65dc19195fefc635e64539abfd2a193a443116c07c9eddd810e50d41a0d',
  blockHash: '0xa9435fd6c72818bc6fad52a7341696daa56c6edf8a62f10c6205f97890f3dd37',
  blockNumber: 241,
  address: '0x56d48ab3ad8bb8818d5b8300d6fc9f173cff777a',
  type: 'mined',
  event: 'Established',
  args: 
   { startTime: { [String: '1482736629'] s: 1, e: 9, c: [Object] },
     manager: '0xb33dbdb860a2ac7943c888e535d9c2c0154747d7' } }
event at 0x2ca7f200ea13e762768566804919338c8892c6b2
{ logIndex: 0,
  transactionIndex: 0,
  transactionHash: '0xd42b97e50d40b5ba97d4a211c25d076f546e93af5ce15ab78e422ef6e6e23496',
  blockHash: '0xcb83221c782014d2e759e5d81dfa38afffa8b06e6960af71de0c42c3c99f9821',
  blockNumber: 242,
  address: '0x2ca7f200ea13e762768566804919338c8892c6b2',
  type: 'mined',
  event: 'Established',
  args: 
   { startTime: { [String: '1482736653'] s: 1, e: 9, c: [Object] },
     manager: '0xb33dbdb860a2ac7943c888e535d9c2c0154747d7' } }
event at 0x284d6edc1f55b6ac5f133ee3253d4820873eb7a0
{ logIndex: 0,
  transactionIndex: 0,
  transactionHash: '0x72102246d6352c859668c4c300912c27cd32bfdcd86441f0f724cca4ae541f77',
  blockHash: '0x5a93fd2106da9f8b8ec3d61dc09f6fbed0b43b57c3431978bde300b3113db4d3',
  blockNumber: 244,
  address: '0x284d6edc1f55b6ac5f133ee3253d4820873eb7a0',
  type: 'mined',
  event: 'Established',
  args: 
   { startTime: { [String: '1482736729'] s: 1, e: 9, c: [Object] },
     manager: '0xb33dbdb860a2ac7943c888e535d9c2c0154747d7' } }
event at 0x0196d1762fd22bd19e524172b4c67f83c6efee3b
{ logIndex: 0,
  transactionIndex: 0,
  transactionHash: '0xbe1f6fd9090ead5e1200e37b0471c53677c78faadb87f462a010778683271357',
  blockHash: '0x9de720dbc871de0e6c9a11acf7563ec6269f408b3a2bd01531fb3e610082d429',
  blockNumber: 243,
  address: '0x0196d1762fd22bd19e524172b4c67f83c6efee3b',
  type: 'mined',
  event: 'Established',
  args: 
   { startTime: { [String: '1482736716'] s: 1, e: 9, c: [Object] },
     manager: '0xb33dbdb860a2ac7943c888e535d9c2c0154747d7' } }
event at 0x86115f92b38a07b437aadec54800819204c5878d
{ logIndex: 0,
  transactionIndex: 0,
  transactionHash: '0xfaa01b70b16fafe938e4783e37005729f9aaf31cb6919ac15db7671ff03fcc71',
  blockHash: '0xf6fad9518f0482c11a9bbf34b33cb5ca80f3c285b7a7bec3f9ac941b122ecd79',
  blockNumber: 245,
  address: '0x86115f92b38a07b437aadec54800819204c5878d',
  type: 'mined',
  event: 'Established',
  args: 
   { startTime: { [String: '1482736745'] s: 1, e: 9, c: [Object] },
     manager: '0xb33dbdb860a2ac7943c888e535d9c2c0154747d7' } }
event at 0xd01d2e3208c2399af3f3561d3655a47934ed0e68
{ logIndex: 0,
  transactionIndex: 0,
  transactionHash: '0x058f84fe4cc8d48d2a99ca6f3a037d0ba77b5bd404ac60fc730a7994870f9a6e',
  blockHash: '0x50a7b65024905867afa761f96cb30f6b07faf44430dd5c28daa2003a68275795',
  blockNumber: 249,
  address: '0xd01d2e3208c2399af3f3561d3655a47934ed0e68',
  type: 'mined',
  event: 'Established',
  args: 
   { startTime: { [String: '1482739476'] s: 1, e: 9, c: [Object] },
     manager: '0xb33dbdb860a2ac7943c888e535d9c2c0154747d7' } }
event at 0x0d7aecaebed993476a53e30ca10332a02233e345
{ logIndex: 0,
  transactionIndex: 0,
  transactionHash: '0x236b965bcc1a4aa6c51ce69156986922d1424a239a9efb312c1b6a3beb19f00a',
  blockHash: '0xf66ad671c889da21af248599770884e8838b658f6bf5ef48c31404e97978d749',
  blockNumber: 248,
  address: '0x0d7aecaebed993476a53e30ca10332a02233e345',
  type: 'mined',
  event: 'Established',
  args: 
   { startTime: { [String: '1482739424'] s: 1, e: 9, c: [Object] },
     manager: '0xb33dbdb860a2ac7943c888e535d9c2c0154747d7' } }
event at 0x6dbd0e28ff6683ffa0ced49e0725f1dff6ad5686
{ logIndex: 0,
  transactionIndex: 0,
  transactionHash: '0x26128f8744ee3c249edd2570d841372344fa486a9e78d412a69e29f02380f1dc',
  blockHash: '0xa410cab5f28599bdfb3e3daeffe180068134b1ec0b027c3c708f99168e8a18d0',
  blockNumber: 250,
  address: '0x6dbd0e28ff6683ffa0ced49e0725f1dff6ad5686',
  type: 'mined',
  event: 'Established',
  args: 
   { startTime: { [String: '1482739537'] s: 1, e: 9, c: [Object] },
     manager: '0xb33dbdb860a2ac7943c888e535d9c2c0154747d7' } }
event at 0xbd3558ec18afe8f362922b5d421a13be71671a23
{ logIndex: 0,
  transactionIndex: 0,
  transactionHash: '0x5d689007fcdd4275509027c20a9a042e03bb15272444e60d12da51e8215a0b42',
  blockHash: '0xecb0aba0e7f5a6a831240ddb4a0704959f9296f3e5b7bf91264c42514fa6d42d',
  blockNumber: 251,
  address: '0xbd3558ec18afe8f362922b5d421a13be71671a23',
  type: 'mined',
  event: 'Established',
  args: 
   { startTime: { [String: '1482739953'] s: 1, e: 9, c: [Object] },
     manager: '0xb33dbdb860a2ac7943c888e535d9c2c0154747d7' } }
0x17d71d2907049f33c72871210b8a78dfe8ba0207
[32m[nodemon] restarting due to changes...[39m
[32m[nodemon] starting `node server_.js`[39m
whichJsEvents: 1
whichJsEvents: 2
whichJsEvents: 3
whichJsEvents: 4
whichJsEvents: 5
whichJsEvents: 6
whichJsEvents: 7
whichJsEvents: 8
whichJsEvents: 9
whichJsEvents: 10
whichJsEvents: 11
whichJsEvents: 12
whichJsEvents: 13
whichJsEvents: 14
whichJsEvents: 15
whichJsEvents: 16
whichJsEvents: 17
whichJsEvents: 18
whichJsEvents: 19
whichJsEvents: 20
whichJsEvents: 21
whichJsEvents: 22
whichJsEvents: 23
whichJsEvents: 24
whichJsEvents: 25
whichJsEvents: 26
whichJsEvents: 27
whichJsEvents: 28
whichJsEvents: 29
whichJsEvents: 30
whichJsEvents: 31
whichJsEvents: 32
whichJsEvents: 33
whichJsEvents: 34
whichJsEvents: 35
whichJsEvents: 36
whichJsEvents: 37
whichJsEvents: 38
whichJsEvents: 39
whichJsEvents: 40
whichJsEvents: 41
whichJsEvents: 42
whichJsEvents: 43
whichJsEvents: 44
whichJsEvents: 45
whichJsEvents: 46
whichJsEvents: 47
whichJsEvents: 48
whichJsEvents: 49
whichJsEvents: 50
whichJsEvents: 51
whichJsEvents: 52
whichJsEvents: 53
whichJsEvents: 54
whichJsEvents: 55
whichJsEvents: 56
whichJsEvents: 57
whichJsEvents: 58
whichJsEvents: 59
whichJsEvents: 60
whichJsEvents: 61
whichJsEvents: 62
whichJsEvents: 63
whichJsEvents: 64
whichJsEvents: 65
whichJsEvents: 66
whichJsEvents: 67
whichJsEvents: 68
whichJsEvents: 69
whichJsEvents: 70
whichJsEvents: 71
whichJsEvents: 72
whichJsEvents: 73
whichJsEvents: 74
whichJsEvents: 75
whichJsEvents: 76
whichJsEvents: 77
whichJsEvents: 78
whichJsEvents: 79
whichJsEvents: 80
whichJsEvents: 81
whichJsEvents: 82
whichJsEvents: 83
event at 0xcfc5f44875b51b4c4e60cb4d7ef4ab87d0b5ae64
{ logIndex: 0,
  transactionIndex: 0,
  transactionHash: '0x1ba064de19032d8eef7404052046c89a4f27a7872222de415c5437376dd98ad2',
  blockHash: '0x02c2b9490ffcd5bb0822b64554806e21d401d950cf0e790fef61b3ec19b680b2',
  blockNumber: 76,
  address: '0xcfc5f44875b51b4c4e60cb4d7ef4ab87d0b5ae64',
  type: 'mined',
  event: 'Established',
  args: 
   { startTime: { [String: '1482564691'] s: 1, e: 9, c: [Object] },
     manager: '0xb33dbdb860a2ac7943c888e535d9c2c0154747d7' } }
event at 0x1da8bcbcd23eb6543f268f9bded3d14c96ec5ef4
{ logIndex: 0,
  transactionIndex: 0,
  transactionHash: '0xad108829c4dc8f15927a62eaa84a2e2b0cf0088d3acc488d112b51fd3754ade5',
  blockHash: '0xe0177c3c4183c3d8cea8276ed2f5a7e5a63b6518c4629c11d4b42e31a88139b4',
  blockNumber: 77,
  address: '0x1da8bcbcd23eb6543f268f9bded3d14c96ec5ef4',
  type: 'mined',
  event: 'Established',
  args: 
   { startTime: { [String: '1482564718'] s: 1, e: 9, c: [Object] },
     manager: '0xb33dbdb860a2ac7943c888e535d9c2c0154747d7' } }
event at 0x1da8bcbcd23eb6543f268f9bded3d14c96ec5ef4
{ logIndex: 0,
  transactionIndex: 0,
  transactionHash: '0x85db7297c9fdb4f2a0605434129475a259b63e062c0ee69a443c633f6b01df59',
  blockHash: '0x132bf48d388b9128f4cf18a7359e396b8ebbc1882379ea3388c06e94645221a1',
  blockNumber: 78,
  address: '0x1da8bcbcd23eb6543f268f9bded3d14c96ec5ef4',
  type: 'mined',
  event: 'RecruitAndDecisionTimeSet',
  args: 
   { endTimeRecruit: { [String: '1482564723'] s: 1, e: 9, c: [Object] },
     decisonTime: { [String: '5'] s: 1, e: 0, c: [Object] } } }
event at 0x16d1158199f254fcc3f4f67bf9592131f3bdedc8
{ logIndex: 0,
  transactionIndex: 0,
  transactionHash: '0x55970af934f90a85979cbd0c55077e692af647637f5ca697e1df8e6abf5001da',
  blockHash: '0x4265ba90fe55428005e13cfe8b79bd3671d7e2a2aac71d590929f3a47f0e1ebe',
  blockNumber: 117,
  address: '0x16d1158199f254fcc3f4f67bf9592131f3bdedc8',
  type: 'mined',
  event: 'Established',
  args: 
   { startTime: { [String: '1482565180'] s: 1, e: 9, c: [Object] },
     manager: '0xb33dbdb860a2ac7943c888e535d9c2c0154747d7' } }
event at 0x1fc081b98c7b6efed612aa9a37ea6cf4eae2ab47
{ logIndex: 0,
  transactionIndex: 0,
  transactionHash: '0xecb95db8059060636c8fce4d255e019250537987c71aa4c15953ccc953648c43',
  blockHash: '0xec4b11228b381d3756b338c404ff377bacec60935c4969dbfdc9b014a771c203',
  blockNumber: 118,
  address: '0x1fc081b98c7b6efed612aa9a37ea6cf4eae2ab47',
  type: 'mined',
  event: 'Established',
  args: 
   { startTime: { [String: '1482566881'] s: 1, e: 9, c: [Object] },
     manager: '0xb33dbdb860a2ac7943c888e535d9c2c0154747d7' } }
event at 0x5743fe8dad9fb87aa5027539e8ee9d425d277b04
{ logIndex: 0,
  transactionIndex: 0,
  transactionHash: '0x67030475ae3bc1c19f6f1d79d5c31177770aff3816322275d75c4af19a971cad',
  blockHash: '0xc50f966131e84ace0881041457755b1b659776f2ef8624ba1dfc804372b25097',
  blockNumber: 120,
  address: '0x5743fe8dad9fb87aa5027539e8ee9d425d277b04',
  type: 'mined',
  event: 'Established',
  args: 
   { startTime: { [String: '1482577320'] s: 1, e: 9, c: [Object] },
     manager: '0xb33dbdb860a2ac7943c888e535d9c2c0154747d7' } }
event at 0xfc7cf60dbb59b3bcac36d711bbaa18d424cf40a0
{ logIndex: 0,
  transactionIndex: 0,
  transactionHash: '0x4e158eeef9356128133a48e118569570e8747b61850c6e6ee27e45c49e808ade',
  blockHash: '0x7b7ee452e8619fa00b790f56cac1f4a179909e26cc1cd2429f22e1965b2e5b6e',
  blockNumber: 121,
  address: '0xfc7cf60dbb59b3bcac36d711bbaa18d424cf40a0',
  type: 'mined',
  event: 'Established',
  args: 
   { startTime: { [String: '1482577353'] s: 1, e: 9, c: [Object] },
     manager: '0xb33dbdb860a2ac7943c888e535d9c2c0154747d7' } }
event at 0xe7e055ea0c408d4030804dda03ef43f3b25ad7e2
{ logIndex: 0,
  transactionIndex: 0,
  transactionHash: '0x6fde96241a160ac84a308cc07d7d55e89a643d4419b4b15fbea8db419d8f0941',
  blockHash: '0x27900546f016929d58da5d56492bb4607a94c59e5b87a4a409b931de25cd3ea5',
  blockNumber: 122,
  address: '0xe7e055ea0c408d4030804dda03ef43f3b25ad7e2',
  type: 'mined',
  event: 'Established',
  args: 
   { startTime: { [String: '1482577473'] s: 1, e: 9, c: [Object] },
     manager: '0xb33dbdb860a2ac7943c888e535d9c2c0154747d7' } }
event at 0xdc6f009993eaa2fb1a5bc28c582af2577e215f58
{ logIndex: 0,
  transactionIndex: 0,
  transactionHash: '0xc00e6bec9036395e40fcfdd8f8436247070a7b588ba399df4a9da812cbbcfcc8',
  blockHash: '0xc396d17ee1e706f3637234b50f4281c00ea263e6351aa7a11389defcb48ccc6a',
  blockNumber: 123,
  address: '0xdc6f009993eaa2fb1a5bc28c582af2577e215f58',
  type: 'mined',
  event: 'Established',
  args: 
   { startTime: { [String: '1482577593'] s: 1, e: 9, c: [Object] },
     manager: '0xb33dbdb860a2ac7943c888e535d9c2c0154747d7' } }
event at 0x0c0fa7245ddfcb4d208db6286553c0fe227fb198
{ logIndex: 0,
  transactionIndex: 0,
  transactionHash: '0x80f47ce276dfb9a788df350c96c16b6e7a4c3146fa11438bfecb465f014d483c',
  blockHash: '0xc2ee0550b4747eaf31c4e25a3157c824dc4674abaf9a32d3f86720d87425370b',
  blockNumber: 125,
  address: '0x0c0fa7245ddfcb4d208db6286553c0fe227fb198',
  type: 'mined',
  event: 'Established',
  args: 
   { startTime: { [String: '1482577703'] s: 1, e: 9, c: [Object] },
     manager: '0xb33dbdb860a2ac7943c888e535d9c2c0154747d7' } }
event at 0x9883246731187a7c593c9a69bfff4c6669c5af83
{ logIndex: 0,
  transactionIndex: 0,
  transactionHash: '0x157ef153d422b2d3b3110ea2612a98bd5a4c70e37b5ddb73c025ec2fc4eb251a',
  blockHash: '0x8b8d30933de8cf185c55f609d7ce67cafbbc55284e95af8277ddff2a2691c3b1',
  blockNumber: 119,
  address: '0x9883246731187a7c593c9a69bfff4c6669c5af83',
  type: 'mined',
  event: 'Established',
  args: 
   { startTime: { [String: '1482577310'] s: 1, e: 9, c: [Object] },
     manager: '0xb33dbdb860a2ac7943c888e535d9c2c0154747d7' } }
event at 0xe3ea4415882aa8085de3a57a13dc58a7488d18cb
{ logIndex: 0,
  transactionIndex: 0,
  transactionHash: '0xadc05cffa8d843883b451691f7189a4ed603ad9133887043ecb8c2ab999e6268',
  blockHash: '0xdc7ed5e8440e1288a975e9a1003b47a0faf991d05612c7e859a0680f229b8729',
  blockNumber: 124,
  address: '0xe3ea4415882aa8085de3a57a13dc58a7488d18cb',
  type: 'mined',
  event: 'Established',
  args: 
   { startTime: { [String: '1482577693'] s: 1, e: 9, c: [Object] },
     manager: '0xb33dbdb860a2ac7943c888e535d9c2c0154747d7' } }
event at 0x4052eace34dfebf12271e488db3edb4725ca2dfd
{ logIndex: 0,
  transactionIndex: 0,
  transactionHash: '0xae3e4af729f74cf0e2dffccf94ab4518e2f1f86eac1b2e09f8d3078147d3c0a2',
  blockHash: '0xfa0103297d5e48067f1fad7e7d48614c059f2be9eab0f8da0a71a237ca04271f',
  blockNumber: 126,
  address: '0x4052eace34dfebf12271e488db3edb4725ca2dfd',
  type: 'mined',
  event: 'Established',
  args: 
   { startTime: { [String: '1482577722'] s: 1, e: 9, c: [Object] },
     manager: '0xb33dbdb860a2ac7943c888e535d9c2c0154747d7' } }
event at 0x49c76f60942c7dccd6285abec56701bfb2702fdc
{ logIndex: 0,
  transactionIndex: 0,
  transactionHash: '0x3cb6262af907ec368d5a39858413c3717a15da07fcc22ef10ed020813b1de020',
  blockHash: '0xb8e75316ce074dee03a90b1ddbcb1ec48be7015b32c817b9366f902c61599d80',
  blockNumber: 128,
  address: '0x49c76f60942c7dccd6285abec56701bfb2702fdc',
  type: 'mined',
  event: 'Established',
  args: 
   { startTime: { [String: '1482577748'] s: 1, e: 9, c: [Object] },
     manager: '0xb33dbdb860a2ac7943c888e535d9c2c0154747d7' } }
event at 0xdf067011d0c86a49926a119fe1837f117ac001ef
{ logIndex: 0,
  transactionIndex: 0,
  transactionHash: '0x1ded60e00445d8b29d29da8e84eff1a997f95704d7e61e8546c681060dd19343',
  blockHash: '0x78a07f36ec14d4822055edd72de840aff4d4bfb43dd9e71a8f6ccd9650721191',
  blockNumber: 130,
  address: '0xdf067011d0c86a49926a119fe1837f117ac001ef',
  type: 'mined',
  event: 'Established',
  args: 
   { startTime: { [String: '1482577772'] s: 1, e: 9, c: [Object] },
     manager: '0xb33dbdb860a2ac7943c888e535d9c2c0154747d7' } }
event at 0x32c489c4566d4fc0e38219275188a89dccce2ceb
{ logIndex: 0,
  transactionIndex: 0,
  transactionHash: '0x36c50b8074709d9f9997f9fd95a848ab74cd6c1fdad55aff0acd6a5d92ffc458',
  blockHash: '0x683a8ad169e79e79c302c00a64393e45322affa0fb92b9707f6ed9018324819e',
  blockNumber: 127,
  address: '0x32c489c4566d4fc0e38219275188a89dccce2ceb',
  type: 'mined',
  event: 'Established',
  args: 
   { startTime: { [String: '1482577743'] s: 1, e: 9, c: [Object] },
     manager: '0xb33dbdb860a2ac7943c888e535d9c2c0154747d7' } }
event at 0x2ba1be80853de44a9de1f9eb5643428272e342df
{ logIndex: 0,
  transactionIndex: 0,
  transactionHash: '0x5edfa9f6093748783f0c736c01439d310ae7f0c2feda4222cb7c5c713420fcbf',
  blockHash: '0xfb59c742863f82214f938b6f7abb6f8d713d5fe8ee8c05372240dacd5cb45074',
  blockNumber: 131,
  address: '0x2ba1be80853de44a9de1f9eb5643428272e342df',
  type: 'mined',
  event: 'Established',
  args: 
   { startTime: { [String: '1482577775'] s: 1, e: 9, c: [Object] },
     manager: '0xb33dbdb860a2ac7943c888e535d9c2c0154747d7' } }
event at 0xba94e658a22e25975ce818e4035b0406b9884885
{ logIndex: 0,
  transactionIndex: 0,
  transactionHash: '0xe99c5f6e2d16709a763ffa72fc0b5d80bbf81f5e3be47bf46c9d804f79122006',
  blockHash: '0xb8377482e94b7e0e20b0796a377646bfcb76b195a85abbf2a48c296b593d1a71',
  blockNumber: 132,
  address: '0xba94e658a22e25975ce818e4035b0406b9884885',
  type: 'mined',
  event: 'Established',
  args: 
   { startTime: { [String: '1482577776'] s: 1, e: 9, c: [Object] },
     manager: '0xb33dbdb860a2ac7943c888e535d9c2c0154747d7' } }
event at 0xb5844b28fc9ebcc45340c297c61ae3e795011bb7
{ logIndex: 0,
  transactionIndex: 0,
  transactionHash: '0xe60066c1aec4e18481ceae14390082ef2589f2680a7cb902f827cbc305530cdc',
  blockHash: '0xca8f8f7d407ce404dec05fcbad9d53d2f67b8a35a3f8d98f34e37a52a47f64b9',
  blockNumber: 129,
  address: '0xb5844b28fc9ebcc45340c297c61ae3e795011bb7',
  type: 'mined',
  event: 'Established',
  args: 
   { startTime: { [String: '1482577768'] s: 1, e: 9, c: [Object] },
     manager: '0xb33dbdb860a2ac7943c888e535d9c2c0154747d7' } }
event at 0x72ef5af0f370a0362e87814cb95753000f52e529
{ logIndex: 0,
  transactionIndex: 0,
  transactionHash: '0x681dc9bac818924b9aa2922c61b6a1472aee70aa3290172822eba6db6b375dba',
  blockHash: '0xf7b106988783ed24b27811ff3a2c01d07aa689935e00b0d2426d5b951c1dd431',
  blockNumber: 133,
  address: '0x72ef5af0f370a0362e87814cb95753000f52e529',
  type: 'mined',
  event: 'Established',
  args: 
   { startTime: { [String: '1482577778'] s: 1, e: 9, c: [Object] },
     manager: '0xb33dbdb860a2ac7943c888e535d9c2c0154747d7' } }
event at 0xb54254c0a4f62b47c2b9576e10f986650d5d95b8
{ logIndex: 0,
  transactionIndex: 0,
  transactionHash: '0x7f34f07f785ac8e49e2149c9a4014538ab6e87e80bddb43c72b2ed7904fb41fd',
  blockHash: '0x581a5165f48010fe9420adc2d66bd741c880ef22398fa4e8538434edd36d627b',
  blockNumber: 135,
  address: '0xb54254c0a4f62b47c2b9576e10f986650d5d95b8',
  type: 'mined',
  event: 'Established',
  args: 
   { startTime: { [String: '1482577798'] s: 1, e: 9, c: [Object] },
     manager: '0xb33dbdb860a2ac7943c888e535d9c2c0154747d7' } }
event at 0x0805670294e8f93aa9e876f8e411a109b9b9ba81
{ logIndex: 0,
  transactionIndex: 0,
  transactionHash: '0xcadaa9bc82d040c674a2bb4c4e5c81bc8bc5be87a29902e1e2f8c395cb049d38',
  blockHash: '0x93ceb2ae38089f5de2cc6d54189f03808a329802524f8e87ec00ea7a50e4cb78',
  blockNumber: 137,
  address: '0x0805670294e8f93aa9e876f8e411a109b9b9ba81',
  type: 'mined',
  event: 'Established',
  args: 
   { startTime: { [String: '1482577813'] s: 1, e: 9, c: [Object] },
     manager: '0xb33dbdb860a2ac7943c888e535d9c2c0154747d7' } }
event at 0xf757f96d3fce4128909af1a467eb4a3551088f9f
{ logIndex: 0,
  transactionIndex: 0,
  transactionHash: '0x7b694cca7a0bb1e69f5417447fbc2cb2736fdad5f3ea77d2f238f1b1b9033be2',
  blockHash: '0x95082f7e7832974a2b3e9f9b976cc49e14611ecf1edbb0775120c272228d2aed',
  blockNumber: 138,
  address: '0xf757f96d3fce4128909af1a467eb4a3551088f9f',
  type: 'mined',
  event: 'Established',
  args: 
   { startTime: { [String: '1482577814'] s: 1, e: 9, c: [Object] },
     manager: '0xb33dbdb860a2ac7943c888e535d9c2c0154747d7' } }
event at 0x750ec5a7de916b7d5e20aea439dd8480821d1038
{ logIndex: 0,
  transactionIndex: 0,
  transactionHash: '0x379cf08a84dcd0ffbbc723fdfc7be1c066191c367af050bb658d688d6146ba22',
  blockHash: '0x1f25e78ebed7349516cbe46c01cdc03cb1550691f72b414b4a9ad27136355827',
  blockNumber: 139,
  address: '0x750ec5a7de916b7d5e20aea439dd8480821d1038',
  type: 'mined',
  event: 'Established',
  args: 
   { startTime: { [String: '1482581812'] s: 1, e: 9, c: [Object] },
     manager: '0xb33dbdb860a2ac7943c888e535d9c2c0154747d7' } }
event at 0xdf611f85509db0a6a786cff5440c15950c86f699
{ logIndex: 0,
  transactionIndex: 0,
  transactionHash: '0x1450a5a0344d6638dfaf89cc13709fa14bf03bfd368f218c60fe33f21e01a196',
  blockHash: '0x23409fec85b69fffed9d916eb38486b06b8e50bdee52a06fb8cda09e628a801a',
  blockNumber: 136,
  address: '0xdf611f85509db0a6a786cff5440c15950c86f699',
  type: 'mined',
  event: 'Established',
  args: 
   { startTime: { [String: '1482577799'] s: 1, e: 9, c: [Object] },
     manager: '0xb33dbdb860a2ac7943c888e535d9c2c0154747d7' } }
event at 0xf0be3f225db3c1f8e804030e61c582bcefac7797
{ logIndex: 0,
  transactionIndex: 0,
  transactionHash: '0xc7f30d6589a3d6e128e73db47da79a32a47c91cd727084f7d0f81cd784d08960',
  blockHash: '0xd7a7ba950ca17811d6b1ab3e3c5e9819abbc1b0c4cf5bdbaa8c982d49d16bce0',
  blockNumber: 134,
  address: '0xf0be3f225db3c1f8e804030e61c582bcefac7797',
  type: 'mined',
  event: 'Established',
  args: 
   { startTime: { [String: '1482577798'] s: 1, e: 9, c: [Object] },
     manager: '0xb33dbdb860a2ac7943c888e535d9c2c0154747d7' } }
event at 0x12bcaedd43c59d8f2f9c07daa8b387e149d91f43
{ logIndex: 0,
  transactionIndex: 0,
  transactionHash: '0x0bdd743c3fd062fc9e7fb633e6743a31870717a7bb3c31d9c2c6090ef8e7865b',
  blockHash: '0x74f1063e690828471ce5d384827ea36776d9ee2613a1bd605703f4f9792a3651',
  blockNumber: 145,
  address: '0x12bcaedd43c59d8f2f9c07daa8b387e149d91f43',
  type: 'mined',
  event: 'Established',
  args: 
   { startTime: { [String: '1482611228'] s: 1, e: 9, c: [Object] },
     manager: '0xb33dbdb860a2ac7943c888e535d9c2c0154747d7' } }
event at 0x219b58d9859c622e807bdfa61979d7e458c68141
{ logIndex: 0,
  transactionIndex: 0,
  transactionHash: '0x5025a0f56b21a6c1f7ac4a628042188c6b772a0d24c3fb9e20fd678758f30351',
  blockHash: '0xe3d78ee4e378656e54086d39bcd9930c15eb3aefddb1c6877186da8a4e6e1399',
  blockNumber: 140,
  address: '0x219b58d9859c622e807bdfa61979d7e458c68141',
  type: 'mined',
  event: 'Established',
  args: 
   { startTime: { [String: '1482610521'] s: 1, e: 9, c: [Object] },
     manager: '0xb33dbdb860a2ac7943c888e535d9c2c0154747d7' } }
event at 0x3210c20a7139b2d53989fc33a25072d9bf7f91b8
{ logIndex: 0,
  transactionIndex: 0,
  transactionHash: '0xfe514594d7cf65d31f1506e61ad1cc5597ecf0ac562bde82fc1377abf2707b32',
  blockHash: '0x519c0760b5aa92c25851896ceb9e4ca958129ef885fdcca0503eec419219121b',
  blockNumber: 147,
  address: '0x3210c20a7139b2d53989fc33a25072d9bf7f91b8',
  type: 'mined',
  event: 'Established',
  args: 
   { startTime: { [String: '1482611746'] s: 1, e: 9, c: [Object] },
     manager: '0xb33dbdb860a2ac7943c888e535d9c2c0154747d7' } }
event at 0x3210c20a7139b2d53989fc33a25072d9bf7f91b8
{ logIndex: 0,
  transactionIndex: 0,
  transactionHash: '0x00d4574346076681ed8d3379a06a1c8e352048df0cd46215cd4a2c0135b33b24',
  blockHash: '0xcbbcdab104e7ddbdd92d8628d936e3c97624696023e5e4271774901acf323b21',
  blockNumber: 148,
  address: '0x3210c20a7139b2d53989fc33a25072d9bf7f91b8',
  type: 'mined',
  event: 'RecruitAndDecisionTimeSet',
  args: 
   { endTimeRecruit: { [String: '1482611746100'] s: 1, e: 12, c: [Object] },
     decisonTime: { [String: '100'] s: 1, e: 2, c: [Object] } } }
event at 0xb2a036dd10c0f26ced71c8327d3db8ccc6e7497c
{ logIndex: 0,
  transactionIndex: 0,
  transactionHash: '0xb486c315f21f1402cb911ad570947599d59842bc771cebea611707e4565a733e',
  blockHash: '0x9abb6a64dfd6313a1d6de7d54829ea8489068174626989963927b86751eff362',
  blockNumber: 149,
  address: '0xb2a036dd10c0f26ced71c8327d3db8ccc6e7497c',
  type: 'mined',
  event: 'Established',
  args: 
   { startTime: { [String: '1482611831'] s: 1, e: 9, c: [Object] },
     manager: '0xb33dbdb860a2ac7943c888e535d9c2c0154747d7' } }
event at 0xb2a036dd10c0f26ced71c8327d3db8ccc6e7497c
{ logIndex: 0,
  transactionIndex: 0,
  transactionHash: '0xac2769053a27f8d342dd5b361e696b7688271d21045058cd8d6db81965aebcf5',
  blockHash: '0xab6ece782c4d76b326d658e0f5cfc6ea518aa0010e6b27b8774307b9a6add8a2',
  blockNumber: 150,
  address: '0xb2a036dd10c0f26ced71c8327d3db8ccc6e7497c',
  type: 'mined',
  event: 'RecruitAndDecisionTimeSet',
  args: 
   { endTimeRecruit: { [String: '14826118315'] s: 1, e: 10, c: [Object] },
     decisonTime: { [String: '5'] s: 1, e: 0, c: [Object] } } }
event at 0xad256d973fac7cd0195cf19c878515f48a754d1b
{ logIndex: 0,
  transactionIndex: 0,
  transactionHash: '0xdfd4e5029acdb99e3123987e4d48c04c59942d003cf930d3d4459c861e8c04e5',
  blockHash: '0xce21aac51bd70d3356b2b915b9604fc25fc00b5c3d6727eab2c83cd7773eeaa8',
  blockNumber: 146,
  address: '0xad256d973fac7cd0195cf19c878515f48a754d1b',
  type: 'mined',
  event: 'Established',
  args: 
   { startTime: { [String: '1482611316'] s: 1, e: 9, c: [Object] },
     manager: '0xb33dbdb860a2ac7943c888e535d9c2c0154747d7' } }
event at 0x8959ac0ff674c62cbc1a0fa4983badda2dc28bb0
{ logIndex: 0,
  transactionIndex: 0,
  transactionHash: '0xc13a2cb811d59213cbc1278752ca9540e23e3c6ff0d387817e857ef537668aab',
  blockHash: '0xcbf342d6423d5b9e8b884f04cadce8fb8c5529366ad3fb8f8c250c50a8e50b62',
  blockNumber: 178,
  address: '0x8959ac0ff674c62cbc1a0fa4983badda2dc28bb0',
  type: 'mined',
  event: 'Established',
  args: 
   { startTime: { [String: '1482689430'] s: 1, e: 9, c: [Object] },
     manager: '0xb33dbdb860a2ac7943c888e535d9c2c0154747d7' } }
event at 0x459369ca8a928ba97935c2df9e31098041b2ed96
{ logIndex: 0,
  transactionIndex: 0,
  transactionHash: '0x08b04f26eba1f1240d2c88bd91be6a3d1a294643653828ffbcbad32ec22c51ea',
  blockHash: '0x31ba491690fcaf502735a79fc715d571addfa30b3142ac2bd1f11557e377595f',
  blockNumber: 179,
  address: '0x459369ca8a928ba97935c2df9e31098041b2ed96',
  type: 'mined',
  event: 'Established',
  args: 
   { startTime: { [String: '1482689589'] s: 1, e: 9, c: [Object] },
     manager: '0xb33dbdb860a2ac7943c888e535d9c2c0154747d7' } }
event at 0x27c5f28bbc2ef78b0779862198b22d83fa5527c4
{ logIndex: 0,
  transactionIndex: 0,
  transactionHash: '0xd8b9636180e35a20ee4ca6553aa55b5c63c524903c9916176f6d7d828f280ac5',
  blockHash: '0x7a5f9e0370d82b37f05a7a28a6c95b307021824472b72b03abc6db06beed9d16',
  blockNumber: 181,
  address: '0x27c5f28bbc2ef78b0779862198b22d83fa5527c4',
  type: 'mined',
  event: 'Established',
  args: 
   { startTime: { [String: '1482690212'] s: 1, e: 9, c: [Object] },
     manager: '0xb33dbdb860a2ac7943c888e535d9c2c0154747d7' } }
event at 0x574fa3afd024d38b580309ac96ca91ec4073a64c
{ logIndex: 0,
  transactionIndex: 0,
  transactionHash: '0x9d726b476a7d60e84ab5743b78a96eacdcb1b804b7cd493025156c723461dec3',
  blockHash: '0xb2be775b7b0d879a835043c49ca1ef9b62a398c12c55d82083fe32c028b5f8a2',
  blockNumber: 182,
  address: '0x574fa3afd024d38b580309ac96ca91ec4073a64c',
  type: 'mined',
  event: 'Established',
  args: 
   { startTime: { [String: '1482692569'] s: 1, e: 9, c: [Object] },
     manager: '0xb33dbdb860a2ac7943c888e535d9c2c0154747d7' } }
event at 0x735ed483251e2e785ebe8d59f1ea1b1a2b1cc6b9
{ logIndex: 0,
  transactionIndex: 0,
  transactionHash: '0x2d72993587778c436dc475f016d948cf7f2e15870c7ce08412b80de209995d63',
  blockHash: '0xea256d7067b131db3b450b63cd82efbf7380a02c1ca8d951ddef7fa6211cdac5',
  blockNumber: 180,
  address: '0x735ed483251e2e785ebe8d59f1ea1b1a2b1cc6b9',
  type: 'mined',
  event: 'Established',
  args: 
   { startTime: { [String: '1482690072'] s: 1, e: 9, c: [Object] },
     manager: '0xb33dbdb860a2ac7943c888e535d9c2c0154747d7' } }
event at 0xf3f1806618300504d9e0da66a02c6ae58ffd09dd
{ logIndex: 0,
  transactionIndex: 0,
  transactionHash: '0x0a9faa0fa8bd7300275c360b6e3272c3790529c0f465f693280058bc92b61319',
  blockHash: '0xc8ca2471f30582c781ad0806422d84c3124d109b72bd06cca8d0cd8379231785',
  blockNumber: 184,
  address: '0xf3f1806618300504d9e0da66a02c6ae58ffd09dd',
  type: 'mined',
  event: 'Established',
  args: 
   { startTime: { [String: '1482694159'] s: 1, e: 9, c: [Object] },
     manager: '0x0c0a5936381d94432685c9645adae75d7767ad20' } }
event at 0xf3319c058586ac6adacbeb2561d23ea95b0f2238
{ logIndex: 0,
  transactionIndex: 0,
  transactionHash: '0x6cc212aa3dc0c0837345597bbc78481a30703cf30ffcc63b81ee67b151818911',
  blockHash: '0xaf9f3c3f19a6501fc9d00605c3a8ed95f73fbdf436345075cf54921678181e53',
  blockNumber: 185,
  address: '0xf3319c058586ac6adacbeb2561d23ea95b0f2238',
  type: 'mined',
  event: 'Established',
  args: 
   { startTime: { [String: '1482724533'] s: 1, e: 9, c: [Object] },
     manager: '0xb33dbdb860a2ac7943c888e535d9c2c0154747d7' } }
event at 0x94c9454db5044b256430bcaf6b9a72a5d82bee91
{ logIndex: 0,
  transactionIndex: 0,
  transactionHash: '0x0f077dfe23133932cbf70ef6f43d7a35cde7c12dbd3b60296adaa098b5f97e2e',
  blockHash: '0x2e15cac85b83c82e02690d67ea10b234c3d87b5a729fe569afb9d86de913d560',
  blockNumber: 186,
  address: '0x94c9454db5044b256430bcaf6b9a72a5d82bee91',
  type: 'mined',
  event: 'Established',
  args: 
   { startTime: { [String: '1482724577'] s: 1, e: 9, c: [Object] },
     manager: '0xb33dbdb860a2ac7943c888e535d9c2c0154747d7' } }
event at 0x350ed0aadd7da828a49129d41ba8c4be3441c915
{ logIndex: 0,
  transactionIndex: 0,
  transactionHash: '0xcfa8cc05116593088c38b707eda84a312cbeeadb6ac7e2335646860ac4657643',
  blockHash: '0x7ca7a9250f763af812b302ddf27a0471cd5fe86748b698c4b1365f7eb02eab1b',
  blockNumber: 183,
  address: '0x350ed0aadd7da828a49129d41ba8c4be3441c915',
  type: 'mined',
  event: 'Established',
  args: 
   { startTime: { [String: '1482693799'] s: 1, e: 9, c: [Object] },
     manager: '0x6a41dd89a29a9808d49a96b0536f57175b1ea5aa' } }
event at 0x517371bf86c73e433b249d71b5af82a484122522
{ logIndex: 0,
  transactionIndex: 0,
  transactionHash: '0x59d3232f365fe49007096cab2b4b161197a713abc8f32909c5272a3d49d5782f',
  blockHash: '0xb5a6bfdd8979158d123d73fc96073abb328eefaaa873585fd74b585b2ec69720',
  blockNumber: 187,
  address: '0x517371bf86c73e433b249d71b5af82a484122522',
  type: 'mined',
  event: 'Established',
  args: 
   { startTime: { [String: '1482724685'] s: 1, e: 9, c: [Object] },
     manager: '0xb33dbdb860a2ac7943c888e535d9c2c0154747d7' } }
event at 0x279e83db3594e9ff48e3bc4ba42b90561754d929
{ logIndex: 0,
  transactionIndex: 0,
  transactionHash: '0x9221755c87a9475e2370c7af4a31d77c065b0345ec0b71d13eb6410384f61293',
  blockHash: '0x100f62b6151a5c3da4a659e3a9d13b53d6b702de53b43240a1c54d5ae0028897',
  blockNumber: 188,
  address: '0x279e83db3594e9ff48e3bc4ba42b90561754d929',
  type: 'mined',
  event: 'Established',
  args: 
   { startTime: { [String: '1482724757'] s: 1, e: 9, c: [Object] },
     manager: '0xb33dbdb860a2ac7943c888e535d9c2c0154747d7' } }
event at 0x37f0eaefec5b1102e6118fd49af45c70f574836b
{ logIndex: 0,
  transactionIndex: 0,
  transactionHash: '0xb224e3023afdd4e4e98406f2edf46ec30bb8710f8601e59f313141d44757e450',
  blockHash: '0x5b19c7f96825cd0110bb43b97fd7f21e1ba780bff2d9340dd7904c5145abbfa9',
  blockNumber: 189,
  address: '0x37f0eaefec5b1102e6118fd49af45c70f574836b',
  type: 'mined',
  event: 'Established',
  args: 
   { startTime: { [String: '1482724804'] s: 1, e: 9, c: [Object] },
     manager: '0xb33dbdb860a2ac7943c888e535d9c2c0154747d7' } }
event at 0x86115f92b38a07b437aadec54800819204c5878d
{ logIndex: 0,
  transactionIndex: 0,
  transactionHash: '0xfaa01b70b16fafe938e4783e37005729f9aaf31cb6919ac15db7671ff03fcc71',
  blockHash: '0xf6fad9518f0482c11a9bbf34b33cb5ca80f3c285b7a7bec3f9ac941b122ecd79',
  blockNumber: 245,
  address: '0x86115f92b38a07b437aadec54800819204c5878d',
  type: 'mined',
  event: 'Established',
  args: 
   { startTime: { [String: '1482736745'] s: 1, e: 9, c: [Object] },
     manager: '0xb33dbdb860a2ac7943c888e535d9c2c0154747d7' } }
event at 0x0d7aecaebed993476a53e30ca10332a02233e345
{ logIndex: 0,
  transactionIndex: 0,
  transactionHash: '0x236b965bcc1a4aa6c51ce69156986922d1424a239a9efb312c1b6a3beb19f00a',
  blockHash: '0xf66ad671c889da21af248599770884e8838b658f6bf5ef48c31404e97978d749',
  blockNumber: 248,
  address: '0x0d7aecaebed993476a53e30ca10332a02233e345',
  type: 'mined',
  event: 'Established',
  args: 
   { startTime: { [String: '1482739424'] s: 1, e: 9, c: [Object] },
     manager: '0xb33dbdb860a2ac7943c888e535d9c2c0154747d7' } }
event at 0x86ceb3a179785f2017ca344c90c9705adc00ac97
{ logIndex: 0,
  transactionIndex: 0,
  transactionHash: '0xbc481e4befa08c1c752fc89ae22a5b3871f050eed5b2c81bec8a42b4857e07ea',
  blockHash: '0xbada530911292c4a235a09006eb2e95801878bf4c4309e6f1eb6f49c895b627a',
  blockNumber: 191,
  address: '0x86ceb3a179785f2017ca344c90c9705adc00ac97',
  type: 'mined',
  event: 'Established',
  args: 
   { startTime: { [String: '1482724905'] s: 1, e: 9, c: [Object] },
     manager: '0xb33dbdb860a2ac7943c888e535d9c2c0154747d7' } }
event at 0x09b27a64f523e4d9863f0e4d9efb9e914d4a56ce
{ logIndex: 0,
  transactionIndex: 0,
  transactionHash: '0x103afc4f48c09558e7ed60148b747e2bde5672063ef990c0cf6a1b27501278df',
  blockHash: '0xecbe356deb3d383b6120ce445c2c68b5f0c8e88a38e9c24ff6e9e05db0a9cfa6',
  blockNumber: 192,
  address: '0x09b27a64f523e4d9863f0e4d9efb9e914d4a56ce',
  type: 'mined',
  event: 'Established',
  args: 
   { startTime: { [String: '1482725041'] s: 1, e: 9, c: [Object] },
     manager: '0xb33dbdb860a2ac7943c888e535d9c2c0154747d7' } }
event at 0xa6195b19821e9b5b9f7e30c9a1422aabbd779e1f
{ logIndex: 0,
  transactionIndex: 0,
  transactionHash: '0x24a638d90f5c3c3cd29600e9734a9e1685dd6db7f90ec4e5da3d319a4143d850',
  blockHash: '0x39317cc9a03cbec1f21cda2266beb180850f527e327cd06eab71a68d9bfe5df7',
  blockNumber: 190,
  address: '0xa6195b19821e9b5b9f7e30c9a1422aabbd779e1f',
  type: 'mined',
  event: 'Established',
  args: 
   { startTime: { [String: '1482724822'] s: 1, e: 9, c: [Object] },
     manager: '0xb33dbdb860a2ac7943c888e535d9c2c0154747d7' } }
event at 0x6f54223ae23dc60dda83d80ffecf221a6adabfbc
{ logIndex: 0,
  transactionIndex: 0,
  transactionHash: '0xdd5df795e4812c1655e9e9e1f1a5b6bd44650b8d62428982847be8715ddc1e8b',
  blockHash: '0x2f9fbbb72f0df5efc01b3b5b6b3dd6fdbcf04f57d33aece7b81d65ca9208dbfa',
  blockNumber: 194,
  address: '0x6f54223ae23dc60dda83d80ffecf221a6adabfbc',
  type: 'mined',
  event: 'Established',
  args: 
   { startTime: { [String: '1482726330'] s: 1, e: 9, c: [Object] },
     manager: '0xb33dbdb860a2ac7943c888e535d9c2c0154747d7' } }
event at 0x97db545504b534b36e92a1252abfa3e8053a0fd8
{ logIndex: 0,
  transactionIndex: 0,
  transactionHash: '0x342172ef44354a4763987a83eb8c4073d142c3b9e95cbbd862224b952af28a4c',
  blockHash: '0x2b00a38acf0b8b533de7828c43e074bebc5169bb8eef19767b8b808339d47ec0',
  blockNumber: 193,
  address: '0x97db545504b534b36e92a1252abfa3e8053a0fd8',
  type: 'mined',
  event: 'Established',
  args: 
   { startTime: { [String: '1482725108'] s: 1, e: 9, c: [Object] },
     manager: '0xb33dbdb860a2ac7943c888e535d9c2c0154747d7' } }
event at 0x40c087d6225b06ae075c2f2f997cbf3e23ea91c1
{ logIndex: 0,
  transactionIndex: 0,
  transactionHash: '0xbc9686682d3e60313f8cb35fb3fe6b72c11f924b1c4349ce5fb51eee1380b38c',
  blockHash: '0x83ac9f00a27aa187ab65b6061e67d945ccadcf5b0c4f291c086a24ec31c55a1f',
  blockNumber: 196,
  address: '0x40c087d6225b06ae075c2f2f997cbf3e23ea91c1',
  type: 'mined',
  event: 'Established',
  args: 
   { startTime: { [String: '1482726456'] s: 1, e: 9, c: [Object] },
     manager: '0xb33dbdb860a2ac7943c888e535d9c2c0154747d7' } }
event at 0xfb542e55e53fc58145886f9480a1a955c15544b6
{ logIndex: 0,
  transactionIndex: 0,
  transactionHash: '0x541e3b508b188d578baa91459dfc0a8e9f88262b20e77425ef28b83063ebd84f',
  blockHash: '0x4354a8e1a2fe659d9f4367576b8935b740e76a7f848b1cceb91e4dcc45b38ec6',
  blockNumber: 195,
  address: '0xfb542e55e53fc58145886f9480a1a955c15544b6',
  type: 'mined',
  event: 'Established',
  args: 
   { startTime: { [String: '1482726360'] s: 1, e: 9, c: [Object] },
     manager: '0xb33dbdb860a2ac7943c888e535d9c2c0154747d7' } }
event at 0xade4f667567bce486cef76848b936f77b9879844
{ logIndex: 0,
  transactionIndex: 0,
  transactionHash: '0xd55e0e7aeeae73964b7355bc6c331370c474391b76c3ac1b8444c199fe004677',
  blockHash: '0x96df3f368b27527b2147d1e69e9e0f81aef250188d69765cc090486510f48ec9',
  blockNumber: 197,
  address: '0xade4f667567bce486cef76848b936f77b9879844',
  type: 'mined',
  event: 'Established',
  args: 
   { startTime: { [String: '1482726465'] s: 1, e: 9, c: [Object] },
     manager: '0xb33dbdb860a2ac7943c888e535d9c2c0154747d7' } }
event at 0x2e26726714481a13cfb7e79aa1282c91e1612c80
{ logIndex: 0,
  transactionIndex: 0,
  transactionHash: '0x0d59f664597068d7b888ce11968e0e279542d47ff7f85c0d0510aba07f4d037e',
  blockHash: '0x42242bf7606c083b190ac9a935180001e0796185d7bdd11836a1da4c346ece26',
  blockNumber: 198,
  address: '0x2e26726714481a13cfb7e79aa1282c91e1612c80',
  type: 'mined',
  event: 'Established',
  args: 
   { startTime: { [String: '1482726513'] s: 1, e: 9, c: [Object] },
     manager: '0xb33dbdb860a2ac7943c888e535d9c2c0154747d7' } }
event at 0x79e87e9d55400637af1bd5ed4ff15c9cdd1456e5
{ logIndex: 0,
  transactionIndex: 0,
  transactionHash: '0x975dbb34c1f92a0e62b65e9d973af83053b7f53f6a07120aaae5c0a9fc3d20a8',
  blockHash: '0x6df89aa0809d090b0d5ea163a4382a667d1d7ee10f1897cdbb3fbaf86d27c94b',
  blockNumber: 201,
  address: '0x79e87e9d55400637af1bd5ed4ff15c9cdd1456e5',
  type: 'mined',
  event: 'Established',
  args: 
   { startTime: { [String: '1482727896'] s: 1, e: 9, c: [Object] },
     manager: '0xb33dbdb860a2ac7943c888e535d9c2c0154747d7' } }
event at 0xf429981c2dd43370757e2045dd63f7c293174723
{ logIndex: 0,
  transactionIndex: 0,
  transactionHash: '0x2eb7aa3d9f47551c4020409ffe0ddba30721be065a732239ca5104286fca2d9c',
  blockHash: '0x81103e1d4c4f004aea979c46cb95453c9f14f405bb4a4f142b2cf7966a67c2f6',
  blockNumber: 199,
  address: '0xf429981c2dd43370757e2045dd63f7c293174723',
  type: 'mined',
  event: 'Established',
  args: 
   { startTime: { [String: '1482726513'] s: 1, e: 9, c: [Object] },
     manager: '0xb33dbdb860a2ac7943c888e535d9c2c0154747d7' } }
event at 0x3171235173ad1202f7758d7497e4736188e0e187
{ logIndex: 0,
  transactionIndex: 0,
  transactionHash: '0x9676a7239dbacdd4cbc858c548bd41a8a4cd2c9fcc12e5bc75c833c460586a96',
  blockHash: '0x047325bdb08fc94473598e74c5abc968b887e373b8f51cb3960999bda54c9a25',
  blockNumber: 200,
  address: '0x3171235173ad1202f7758d7497e4736188e0e187',
  type: 'mined',
  event: 'Established',
  args: 
   { startTime: { [String: '1482726517'] s: 1, e: 9, c: [Object] },
     manager: '0xb33dbdb860a2ac7943c888e535d9c2c0154747d7' } }
event at 0xa55f272410753f2935e3375239e6c4279f8a8f19
{ logIndex: 0,
  transactionIndex: 0,
  transactionHash: '0x16fd45f8828dd21bc333a55f00e3a6c000d1d69c5a2b09e9bd6629901f46e169',
  blockHash: '0xe7d805c9a60dcf025463dedde105545bb7f7deee873b91c06f7bf5ff639a7205',
  blockNumber: 202,
  address: '0xa55f272410753f2935e3375239e6c4279f8a8f19',
  type: 'mined',
  event: 'Established',
  args: 
   { startTime: { [String: '1482727896'] s: 1, e: 9, c: [Object] },
     manager: '0xb33dbdb860a2ac7943c888e535d9c2c0154747d7' } }
event at 0xfd1550cb548cf20334404310c448ced982663530
{ logIndex: 0,
  transactionIndex: 0,
  transactionHash: '0x59189952634b4cce5872619288f74d860085c3dc6666fb21345ca051f8c1429c',
  blockHash: '0xc6883c681b4a3e3702d0e81a7ac96aee6b9fc8c0b6f9b77affb73a62dcb10325',
  blockNumber: 203,
  address: '0xfd1550cb548cf20334404310c448ced982663530',
  type: 'mined',
  event: 'Established',
  args: 
   { startTime: { [String: '1482727910'] s: 1, e: 9, c: [Object] },
     manager: '0xb33dbdb860a2ac7943c888e535d9c2c0154747d7' } }
event at 0x08e393d4c39c477b1d32cf7ae2c525c7eb736355
{ logIndex: 0,
  transactionIndex: 0,
  transactionHash: '0xefd6ec8f65105d142ead46d332746a3762d49495b4695a4e952798bef51a8d1a',
  blockHash: '0xb9066c01fc110c1bb92d6cc6a630d31f152af4aa4884d6fd9602b40c8c33daae',
  blockNumber: 204,
  address: '0x08e393d4c39c477b1d32cf7ae2c525c7eb736355',
  type: 'mined',
  event: 'Established',
  args: 
   { startTime: { [String: '1482728799'] s: 1, e: 9, c: [Object] },
     manager: '0xb33dbdb860a2ac7943c888e535d9c2c0154747d7' } }
event at 0xfa712a896c03f72d43f7d35bc1cde2fe7f0adcf6
{ logIndex: 0,
  transactionIndex: 0,
  transactionHash: '0x66bfd03a2f6e2a3fc123c597e4ab86233522a4a2a6f841bbc720cff023106e62',
  blockHash: '0x56503604d3518d159fc348c7815ff61d152a625502dd322dee5c939f63ca85ab',
  blockNumber: 205,
  address: '0xfa712a896c03f72d43f7d35bc1cde2fe7f0adcf6',
  type: 'mined',
  event: 'Established',
  args: 
   { startTime: { [String: '1482729214'] s: 1, e: 9, c: [Object] },
     manager: '0xb33dbdb860a2ac7943c888e535d9c2c0154747d7' } }
event at 0x28284a80e47136c5afe7e23c7c0e29319d8d122c
{ logIndex: 0,
  transactionIndex: 0,
  transactionHash: '0x5681d54f50556cf944b9c0460d9bb53a1826eb4666dff55f6126623539b4348a',
  blockHash: '0x3f6fc07ad160fa5b57bebaafe374bab0ae27fe3bdc7ec158b599862533d58bd9',
  blockNumber: 206,
  address: '0x28284a80e47136c5afe7e23c7c0e29319d8d122c',
  type: 'mined',
  event: 'Established',
  args: 
   { startTime: { [String: '1482729421'] s: 1, e: 9, c: [Object] },
     manager: '0xb33dbdb860a2ac7943c888e535d9c2c0154747d7' } }
event at 0x18a0d199531fb1177c212d054c14619cfe234a41
{ logIndex: 0,
  transactionIndex: 0,
  transactionHash: '0xa740b5035dabb960ae383d52ac59b8d2c6fded6a845a6b63d2ef6d805327cced',
  blockHash: '0x808e0971d93f9550ae83709be4dfb47064a4e008719a0d97a2ef62415f4bc364',
  blockNumber: 209,
  address: '0x18a0d199531fb1177c212d054c14619cfe234a41',
  type: 'mined',
  event: 'Established',
  args: 
   { startTime: { [String: '1482729565'] s: 1, e: 9, c: [Object] },
     manager: '0xb33dbdb860a2ac7943c888e535d9c2c0154747d7' } }
event at 0x957e2831bef27e89996d2a41e2454e98b4eac208
{ logIndex: 0,
  transactionIndex: 0,
  transactionHash: '0x9f9408ca4fd529c5724513b9660d45c7eb0c71dc75c67d465dbc1737e2696268',
  blockHash: '0xda01cb6abfced56586cacba0b7869bf0d45484a33f284e4430c65924713cc686',
  blockNumber: 207,
  address: '0x957e2831bef27e89996d2a41e2454e98b4eac208',
  type: 'mined',
  event: 'Established',
  args: 
   { startTime: { [String: '1482729483'] s: 1, e: 9, c: [Object] },
     manager: '0xb33dbdb860a2ac7943c888e535d9c2c0154747d7' } }
event at 0xb53f0226f53cf7594d5a37f0830cdbfa5ea55f9c
{ logIndex: 0,
  transactionIndex: 0,
  transactionHash: '0xb1cb95471c84ea714e6f63d906fa0cf8aa98b945848bab8d27115a615e2872b6',
  blockHash: '0x311456d8eac5254e952ea3f2801aa81759f6c0ef627bd13f504b26adf63fd72a',
  blockNumber: 210,
  address: '0xb53f0226f53cf7594d5a37f0830cdbfa5ea55f9c',
  type: 'mined',
  event: 'Established',
  args: 
   { startTime: { [String: '1482729606'] s: 1, e: 9, c: [Object] },
     manager: '0xb33dbdb860a2ac7943c888e535d9c2c0154747d7' } }
event at 0x253a71be5b1e444fdc32362129fc68ce79fb5f36
{ logIndex: 0,
  transactionIndex: 0,
  transactionHash: '0x11768f0d785c04966b8ba465a5376fe43d60fa07c4cde8416bc7aadbe573cee7',
  blockHash: '0x549f0df8fb6e25503536d7e3c249000c278cb6291b390d4eed63405163ebffb7',
  blockNumber: 211,
  address: '0x253a71be5b1e444fdc32362129fc68ce79fb5f36',
  type: 'mined',
  event: 'Established',
  args: 
   { startTime: { [String: '1482729648'] s: 1, e: 9, c: [Object] },
     manager: '0xb33dbdb860a2ac7943c888e535d9c2c0154747d7' } }
event at 0x3cfab8a60e935a37ad134e6263b49ef527447029
{ logIndex: 0,
  transactionIndex: 0,
  transactionHash: '0xcfe26d330229ce9cde29a6b8eb30e5f3d37a2a01607ccdd26032f7750d7edd38',
  blockHash: '0x88c297fe613cb76d2b8fb27c931fe20a5ad4b8fabf62dffc2e2d71a1a60cf87e',
  blockNumber: 212,
  address: '0x3cfab8a60e935a37ad134e6263b49ef527447029',
  type: 'mined',
  event: 'Established',
  args: 
   { startTime: { [String: '1482729823'] s: 1, e: 9, c: [Object] },
     manager: '0xb33dbdb860a2ac7943c888e535d9c2c0154747d7' } }
event at 0xd8d7f51ef6bcf329fcd4dd04eca559815210f43e
{ logIndex: 0,
  transactionIndex: 0,
  transactionHash: '0x3d65341fb026cb02af70c0caed8b47f21d0fbfc63f373174ef4f038890621d15',
  blockHash: '0x4137fa8b35644e08a52b159a6d0858dc57859617d9c757404b368f84df754abb',
  blockNumber: 213,
  address: '0xd8d7f51ef6bcf329fcd4dd04eca559815210f43e',
  type: 'mined',
  event: 'Established',
  args: 
   { startTime: { [String: '1482729895'] s: 1, e: 9, c: [Object] },
     manager: '0xb33dbdb860a2ac7943c888e535d9c2c0154747d7' } }
event at 0x4f8b25a855a1c748d4be83e930313e945ca7e40c
{ logIndex: 0,
  transactionIndex: 0,
  transactionHash: '0x6e806f811f7db600fef7f3141a7ad8defcbe84a8d28e166dc1326e176249cc3e',
  blockHash: '0x479e90a20f351e22027535241c2cee370fad84ab353be803bf424adcc96032fd',
  blockNumber: 214,
  address: '0x4f8b25a855a1c748d4be83e930313e945ca7e40c',
  type: 'mined',
  event: 'Established',
  args: 
   { startTime: { [String: '1482729961'] s: 1, e: 9, c: [Object] },
     manager: '0xb33dbdb860a2ac7943c888e535d9c2c0154747d7' } }
event at 0x06d9366edf536149806934e1fa78112f138e8904
{ logIndex: 0,
  transactionIndex: 0,
  transactionHash: '0x2842b29d9edeba92a4e05b3fa0f96a0eb963bf324d8019b442c91d0ef0d42032',
  blockHash: '0xf77bb343a9ad56a4cd89a48ee41b1beb77211a3746f6d04b427b4ea937d7a9f4',
  blockNumber: 208,
  address: '0x06d9366edf536149806934e1fa78112f138e8904',
  type: 'mined',
  event: 'Established',
  args: 
   { startTime: { [String: '1482729523'] s: 1, e: 9, c: [Object] },
     manager: '0xb33dbdb860a2ac7943c888e535d9c2c0154747d7' } }
event at 0x5a6522d8488616b6f7c5d4096a4634ebf4260cda
{ logIndex: 0,
  transactionIndex: 0,
  transactionHash: '0xba82f9c22c265ec704fba594ba663107768de4ce966f5201627e37c798d0e53d',
  blockHash: '0x3d6e1463857571445e7b2311f012217b0735837cb7fe7e57e8a7d05954ed75e2',
  blockNumber: 234,
  address: '0x5a6522d8488616b6f7c5d4096a4634ebf4260cda',
  type: 'mined',
  event: 'Established',
  args: 
   { startTime: { [String: '1482733367'] s: 1, e: 9, c: [Object] },
     manager: '0xb33dbdb860a2ac7943c888e535d9c2c0154747d7' } }
event at 0xf723ec331254e8ad88e2cdc29b3548848d581065
{ logIndex: 0,
  transactionIndex: 0,
  transactionHash: '0x80c727a4373b816732f6e018b6f07e1c25c932c9c933f89711f3ac462decd43b',
  blockHash: '0x33a32a5855e334ff509af4f43ab859059b774fb20021d839401888048176e785',
  blockNumber: 236,
  address: '0xf723ec331254e8ad88e2cdc29b3548848d581065',
  type: 'mined',
  event: 'Established',
  args: 
   { startTime: { [String: '1482735223'] s: 1, e: 9, c: [Object] },
     manager: '0xb33dbdb860a2ac7943c888e535d9c2c0154747d7' } }
event at 0xaf2b3cd507e04a33dd6b6ea89c40edf40b06954e
{ logIndex: 0,
  transactionIndex: 0,
  transactionHash: '0x22d736ed03c22a2a11ceff3889b337e72a5c2f6ed9d928a1224506c6efdb9240',
  blockHash: '0x0384ab4fee39f098c71333b471e483c03bb3c104aa8133fe8b4dd51d2ceeb1f7',
  blockNumber: 237,
  address: '0xaf2b3cd507e04a33dd6b6ea89c40edf40b06954e',
  type: 'mined',
  event: 'Established',
  args: 
   { startTime: { [String: '1482735428'] s: 1, e: 9, c: [Object] },
     manager: '0xb33dbdb860a2ac7943c888e535d9c2c0154747d7' } }
event at 0x253e2285e41e83ed8fcb763e3285374d201f764e
{ logIndex: 0,
  transactionIndex: 0,
  transactionHash: '0xcc5a36d9d7c122539c5c0847ec6ce8d3e5c49aa1fb9d5263458af28808b86796',
  blockHash: '0x2e53af19d4f8881acf7675381238cb6092ab89402f904f84b782239c27d575e6',
  blockNumber: 238,
  address: '0x253e2285e41e83ed8fcb763e3285374d201f764e',
  type: 'mined',
  event: 'Established',
  args: 
   { startTime: { [String: '1482735493'] s: 1, e: 9, c: [Object] },
     manager: '0xb33dbdb860a2ac7943c888e535d9c2c0154747d7' } }
event at 0x174a12114e0252f08c544882982cf52434068f86
{ logIndex: 0,
  transactionIndex: 0,
  transactionHash: '0x86e6e7f9658a78db6ec50dcfaed46069dc0b79b16c575c4361b88eaefd194fa3',
  blockHash: '0x5e018bb38ee50b3a20ab4df52531cabf91d0dd478c4d2ca5054de1a106f4bfe6',
  blockNumber: 215,
  address: '0x174a12114e0252f08c544882982cf52434068f86',
  type: 'mined',
  event: 'Established',
  args: 
   { startTime: { [String: '1482730299'] s: 1, e: 9, c: [Object] },
     manager: '0xb33dbdb860a2ac7943c888e535d9c2c0154747d7' } }
event at 0xb73d6b698c6a87da694a5897e58af0ce877dcdc7
{ logIndex: 0,
  transactionIndex: 0,
  transactionHash: '0xb64ad785a647d4d3399ab4d9252605a1368ddbc67a5b6f6e4bcce716d8ad2b2b',
  blockHash: '0xf3254508ebedd73f3229da1340346fd3e3f109a61846336230f0c7216a822b0c',
  blockNumber: 239,
  address: '0xb73d6b698c6a87da694a5897e58af0ce877dcdc7',
  type: 'mined',
  event: 'Established',
  args: 
   { startTime: { [String: '1482736496'] s: 1, e: 9, c: [Object] },
     manager: '0xb33dbdb860a2ac7943c888e535d9c2c0154747d7' } }
event at 0x73ff0dd994858b451cef7fc90c3322b070515599
{ logIndex: 0,
  transactionIndex: 0,
  transactionHash: '0x3b0ec7dfc9f729a61e3e591a77a138c30bb302c42ff291a4208e5709eb37703c',
  blockHash: '0x977ec0396ccf8e564b83cb87306651cd908647038cd38df7b375dadd4e011926',
  blockNumber: 240,
  address: '0x73ff0dd994858b451cef7fc90c3322b070515599',
  type: 'mined',
  event: 'Established',
  args: 
   { startTime: { [String: '1482736591'] s: 1, e: 9, c: [Object] },
     manager: '0xb33dbdb860a2ac7943c888e535d9c2c0154747d7' } }
event at 0x284d6edc1f55b6ac5f133ee3253d4820873eb7a0
{ logIndex: 0,
  transactionIndex: 0,
  transactionHash: '0x72102246d6352c859668c4c300912c27cd32bfdcd86441f0f724cca4ae541f77',
  blockHash: '0x5a93fd2106da9f8b8ec3d61dc09f6fbed0b43b57c3431978bde300b3113db4d3',
  blockNumber: 244,
  address: '0x284d6edc1f55b6ac5f133ee3253d4820873eb7a0',
  type: 'mined',
  event: 'Established',
  args: 
   { startTime: { [String: '1482736729'] s: 1, e: 9, c: [Object] },
     manager: '0xb33dbdb860a2ac7943c888e535d9c2c0154747d7' } }
event at 0x56d48ab3ad8bb8818d5b8300d6fc9f173cff777a
{ logIndex: 0,
  transactionIndex: 0,
  transactionHash: '0xd372a65dc19195fefc635e64539abfd2a193a443116c07c9eddd810e50d41a0d',
  blockHash: '0xa9435fd6c72818bc6fad52a7341696daa56c6edf8a62f10c6205f97890f3dd37',
  blockNumber: 241,
  address: '0x56d48ab3ad8bb8818d5b8300d6fc9f173cff777a',
  type: 'mined',
  event: 'Established',
  args: 
   { startTime: { [String: '1482736629'] s: 1, e: 9, c: [Object] },
     manager: '0xb33dbdb860a2ac7943c888e535d9c2c0154747d7' } }
event at 0x0196d1762fd22bd19e524172b4c67f83c6efee3b
{ logIndex: 0,
  transactionIndex: 0,
  transactionHash: '0xbe1f6fd9090ead5e1200e37b0471c53677c78faadb87f462a010778683271357',
  blockHash: '0x9de720dbc871de0e6c9a11acf7563ec6269f408b3a2bd01531fb3e610082d429',
  blockNumber: 243,
  address: '0x0196d1762fd22bd19e524172b4c67f83c6efee3b',
  type: 'mined',
  event: 'Established',
  args: 
   { startTime: { [String: '1482736716'] s: 1, e: 9, c: [Object] },
     manager: '0xb33dbdb860a2ac7943c888e535d9c2c0154747d7' } }
event at 0x2ca7f200ea13e762768566804919338c8892c6b2
{ logIndex: 0,
  transactionIndex: 0,
  transactionHash: '0xd42b97e50d40b5ba97d4a211c25d076f546e93af5ce15ab78e422ef6e6e23496',
  blockHash: '0xcb83221c782014d2e759e5d81dfa38afffa8b06e6960af71de0c42c3c99f9821',
  blockNumber: 242,
  address: '0x2ca7f200ea13e762768566804919338c8892c6b2',
  type: 'mined',
  event: 'Established',
  args: 
   { startTime: { [String: '1482736653'] s: 1, e: 9, c: [Object] },
     manager: '0xb33dbdb860a2ac7943c888e535d9c2c0154747d7' } }
event at 0x6dbd0e28ff6683ffa0ced49e0725f1dff6ad5686
{ logIndex: 0,
  transactionIndex: 0,
  transactionHash: '0x26128f8744ee3c249edd2570d841372344fa486a9e78d412a69e29f02380f1dc',
  blockHash: '0xa410cab5f28599bdfb3e3daeffe180068134b1ec0b027c3c708f99168e8a18d0',
  blockNumber: 250,
  address: '0x6dbd0e28ff6683ffa0ced49e0725f1dff6ad5686',
  type: 'mined',
  event: 'Established',
  args: 
   { startTime: { [String: '1482739537'] s: 1, e: 9, c: [Object] },
     manager: '0xb33dbdb860a2ac7943c888e535d9c2c0154747d7' } }
event at 0xd01d2e3208c2399af3f3561d3655a47934ed0e68
{ logIndex: 0,
  transactionIndex: 0,
  transactionHash: '0x058f84fe4cc8d48d2a99ca6f3a037d0ba77b5bd404ac60fc730a7994870f9a6e',
  blockHash: '0x50a7b65024905867afa761f96cb30f6b07faf44430dd5c28daa2003a68275795',
  blockNumber: 249,
  address: '0xd01d2e3208c2399af3f3561d3655a47934ed0e68',
  type: 'mined',
  event: 'Established',
  args: 
   { startTime: { [String: '1482739476'] s: 1, e: 9, c: [Object] },
     manager: '0xb33dbdb860a2ac7943c888e535d9c2c0154747d7' } }
event at 0xbd3558ec18afe8f362922b5d421a13be71671a23
{ logIndex: 0,
  transactionIndex: 0,
  transactionHash: '0x5d689007fcdd4275509027c20a9a042e03bb15272444e60d12da51e8215a0b42',
  blockHash: '0xecb0aba0e7f5a6a831240ddb4a0704959f9296f3e5b7bf91264c42514fa6d42d',
  blockNumber: 251,
  address: '0xbd3558ec18afe8f362922b5d421a13be71671a23',
  type: 'mined',
  event: 'Established',
  args: 
   { startTime: { [String: '1482739953'] s: 1, e: 9, c: [Object] },
     manager: '0xb33dbdb860a2ac7943c888e535d9c2c0154747d7' } }
